#
# A fatal error has been detected by the Java Runtime Environment:
#
#  EXCEPTION_ACCESS_VIOLATION (0xc0000005) at pc=0x00007ffa3050c4be, pid=11956, tid=7380
#
# JRE version: OpenJDK Runtime Environment (11.0.10) (build 11.0.10+0-b96-7249189)
# Java VM: OpenJDK 64-Bit Server VM (11.0.10+0-b96-7249189, mixed mode, tiered, compressed oops, g1 gc, windows-amd64)
# Problematic frame:
# C  [native-platform-file-events.dll+0x1c4be]
#
# No core dump will be written. Minidumps are not enabled by default on client versions of Windows
#
# If you would like to submit a bug report, please visit:
#   https://bugreport.java.com/bugreport/crash.jsp
# The crash happened outside the Java Virtual Machine in native code.
# See problematic frame for where to report the bug.
#

---------------  S U M M A R Y ------------

Command Line: --add-opens=java.base/java.util=ALL-UNNAMED --add-opens=java.base/java.lang=ALL-UNNAMED --add-opens=java.base/java.lang.invoke=ALL-UNNAMED --add-opens=java.base/java.util=ALL-UNNAMED --add-opens=java.prefs/java.util.prefs=ALL-UNNAMED --add-opens=java.prefs/java.util.prefs=ALL-UNNAMED --add-opens=java.base/java.nio.charset=ALL-UNNAMED --add-opens=java.base/java.net=ALL-UNNAMED --add-opens=java.base/java.util.concurrent.atomic=ALL-UNNAMED -Xmx2048m -Dfile.encoding=UTF-8 -Duser.country=CH -Duser.language=de -Duser.variant org.gradle.launcher.daemon.bootstrap.GradleDaemon 7.0.2

Host: Intel(R) Core(TM) i7-7700 CPU @ 3.60GHz, 8 cores, 15G,  Windows 10 , 64 bit Build 19041 (10.0.19041.1023)
Time: Fri Nov 19 12:59:46 2021 Mitteleuropäische Zeit elapsed time: 11853.433234 seconds (0d 3h 17m 33s)

---------------  T H R E A D  ---------------

Current thread (0x000001e272ccc000):  JavaThread "File watcher server" daemon [_thread_in_native, id=7380, stack(0x000000de32500000,0x000000de32600000)]

Stack: [0x000000de32500000,0x000000de32600000],  sp=0x000000de325fe9d0,  free space=1018k
Native frames: (J=compiled Java code, j=interpreted, Vv=VM code, C=native code)
C  [native-platform-file-events.dll+0x1c4be]

Java frames: (J=compiled Java code, j=interpreted, Vv=VM code)
j  net.rubygrapefruit.platform.internal.jni.AbstractFileEventFunctions$NativeFileWatcher.executeRunLoop0(Ljava/lang/Object;)V+0
j  net.rubygrapefruit.platform.internal.jni.AbstractFileEventFunctions$NativeFileWatcher.access$100(Lnet/rubygrapefruit/platform/internal/jni/AbstractFileEventFunctions$NativeFileWatcher;Ljava/lang/Object;)V+2
j  net.rubygrapefruit.platform.internal.jni.AbstractFileEventFunctions$NativeFileWatcher$1.run()V+26
v  ~StubRoutines::call_stub

siginfo: EXCEPTION_ACCESS_VIOLATION (0xc0000005), reading address 0xffffffffffffffff


Register to memory mapping:

RIP=0x00007ffa3050c4be native-platform-file-events.dll
RAX=0x00730061006c005c is an unknown value
RBX=0x0000000000000001 is an unknown value
RCX=0x00730061006c005c is an unknown value
RDX=0x000000de325fea28 is pointing into the stack for thread: 0x000001e272ccc000
RSP=0x000000de325fe9d0 is pointing into the stack for thread: 0x000001e272ccc000
RBP=0x000000de325ff3c8 is pointing into the stack for thread: 0x000001e272ccc000
RSI=0x0 is NULL
RDI=
[error occurred during error reporting (printing register info), id 0xc0000005, EXCEPTION_ACCESS_VIOLATION (0xc0000005) at pc=0x00007ffa35329dc7]

Registers:
RAX=0x00730061006c005c, RBX=0x0000000000000001, RCX=0x00730061006c005c, RDX=0x000000de325fea28
RSP=0x000000de325fe9d0, RBP=0x000000de325ff3c8, RSI=0x0000000000000000, RDI=0x00000000ffffffff
R8 =0x000000de325fea30, R9 =0x000000007ffed000, R10=0x00000000546c6148, R11=0xffffffffeeb394e7
R12=0x0000000000000000, R13=0x000001e2754050d8, R14=0x000000de325ff3f0, R15=0x000001e272ccc000
RIP=0x00007ffa3050c4be, EFLAGS=0x0000000000010202

Top of Stack: (sp=0x000000de325fe9d0)
0x000000de325fe9d0:   00000f84fcde3948 00000f84eefe6bf4
0x000000de325fe9e0:   00000f84fcde3948 00007ffa30527be5
0x000000de325fe9f0:   000000de325feaa8 000000de325fea28
0x000000de325fea00:   000000de00000000 000000de325fea38
0x000000de325fea10:   000000de325f0001 00000027bad94322
0x000000de325fea20:   000000de325fea30 00000000000000e8
0x000000de325fea30:   00000f84eefe6bf4 00000f84fcde3948
0x000000de325fea40:   000000de325ff3f0 00007ffa30527777
0x000000de325fea50:   000000de325feaa8 000000de325feaa0
0x000000de325fea60:   000001e270df3f10 000001e253360000
0x000000de325fea70:   0000000000000000 00007ffa30518bee
0x000000de325fea80:   00000f84fcde3948 00000000000000e8
0x000000de325fea90:   000000de30efc700 00007ffa869ef05b
0x000000de325feaa0:   00002f71dd285b0e 00000000000000e8
0x000000de325feab0:   000000000070006f 00007ffa3050c6ec
0x000000de325feac0:   00730061006c005c 000000de00000003 

Instructions: (pc=0x00007ffa3050c4be)
0x00007ffa3050c3be:   8b 00 48 89 44 24 38 48 8b 44 24 38 48 89 44 24
0x00007ffa3050c3ce:   58 48 8b 84 24 b0 00 00 00 48 83 c0 08 48 89 44
0x00007ffa3050c3de:   24 40 48 8d 54 24 70 48 8b 4c 24 40 e8 26 50 fe
0x00007ffa3050c3ee:   ff 48 8b 00 48 89 44 24 48 48 8b 44 24 48 48 89
0x00007ffa3050c3fe:   44 24 60 4c 8b 4c 24 50 4c 8b 44 24 58 48 8b 54
0x00007ffa3050c40e:   24 60 48 8d 4c 24 78 e8 31 92 fe ff 48 8d 4c 24
0x00007ffa3050c41e:   78 e8 8b 6a fe ff 48 8b c8 ff 15 db ab 11 00 89
0x00007ffa3050c42e:   44 24 24 83 7c 24 24 ff 74 15 8b 44 24 24 83 e0
0x00007ffa3050c43e:   10 85 c0 74 0a c7 44 24 28 01 00 00 00 eb 08 c7
0x00007ffa3050c44e:   44 24 28 00 00 00 00 0f b6 44 24 28 88 44 24 20
0x00007ffa3050c45e:   48 8d 4c 24 78 e8 1f 97 fe ff 0f b6 44 24 20 48
0x00007ffa3050c46e:   8b 8c 24 98 00 00 00 48 33 cc e8 8f 76 fe ff 48
0x00007ffa3050c47e:   81 c4 a8 00 00 00 c3 cc cc cc cc cc cc cc cc cc
0x00007ffa3050c48e:   cc cc 48 89 4c 24 08 48 81 ec e8 00 00 00 48 8b
0x00007ffa3050c49e:   05 a5 7d 10 00 48 33 c4 48 89 84 24 d0 00 00 00
0x00007ffa3050c4ae:   c7 44 24 30 00 00 00 00 48 8b 84 24 f0 00 00 00
0x00007ffa3050c4be:   83 78 68 03 0f 84 02 01 00 00 48 8b 84 24 f0 00
0x00007ffa3050c4ce:   00 00 48 8b 48 28 ff 15 36 ab 11 00 89 44 24 38
0x00007ffa3050c4de:   83 7c 24 38 00 0f 85 d0 00 00 00 ba 07 00 00 00
0x00007ffa3050c4ee:   48 8b 0d 1b b0 10 00 e8 48 a4 fe ff 88 44 24 34
0x00007ffa3050c4fe:   0f b6 44 24 34 85 c0 0f 84 90 00 00 00 ff 15 07
0x00007ffa3050c50e:   ab 11 00 89 44 24 3c 48 8b 84 24 f0 00 00 00 48
0x00007ffa3050c51e:   83 c0 08 48 8b d0 48 8d 8c 24 90 00 00 00 e8 05
0x00007ffa3050c52e:   51 fe ff 48 89 44 24 40 48 8b 44 24 40 48 89 44
0x00007ffa3050c53e:   24 48 8b 44 24 30 83 c8 01 89 44 24 30 48 8b 4c
0x00007ffa3050c54e:   24 48 e8 d5 52 fe ff 48 89 44 24 50 48 8b 84 24
0x00007ffa3050c55e:   f0 00 00 00 48 8b 40 28 48 89 44 24 58 8b 44 24
0x00007ffa3050c56e:   3c 89 44 24 28 48 8b 44 24 50 48 89 44 24 20 4c
0x00007ffa3050c57e:   8b 4c 24 58 4c 8d 05 77 af 0d 00 ba 07 00 00 00
0x00007ffa3050c58e:   48 8b 0d 7b af 10 00 e8 f8 71 fe ff 90 8b 44 24
0x00007ffa3050c59e:   30 83 e0 01 85 c0 74 13 83 64 24 30 fe 48 8d 8c
0x00007ffa3050c5ae:   24 90 00 00 00 e8 e7 5a fe ff 90 eb 00 48 8b 84 


Stack slot to memory mapping:
stack at sp + 0 slots: 0x00000f84fcde3948 is an unknown value
stack at sp + 1 slots: 0x00000f84eefe6bf4 is an unknown value
stack at sp + 2 slots: 0x00000f84fcde3948 is an unknown value
stack at sp + 3 slots: 0x00007ffa30527be5 native-platform-file-events.dll
stack at sp + 4 slots: 0x000000de325feaa8 is pointing into the stack for thread: 0x000001e272ccc000
stack at sp + 5 slots: 0x000000de325fea28 is pointing into the stack for thread: 0x000001e272ccc000
stack at sp + 6 slots: 0x000000de00000000 is an unknown value
stack at sp + 7 slots: 0x000000de325fea38 is pointing into the stack for thread: 0x000001e272ccc000


---------------  P R O C E S S  ---------------

Threads class SMR info:
_java_thread_list=0x000001e2772284a0, length=41, elements={
0x000001e254cfc000, 0x000001e2701bd800, 0x000001e2701bf000, 0x000001e27021f000,
0x000001e270220000, 0x000001e270223000, 0x000001e270227000, 0x000001e270235800,
0x000001e27023b000, 0x000001e2703a4000, 0x000001e271d3f000, 0x000001e270b74800,
0x000001e272257800, 0x000001e272cc8000, 0x000001e272ccb800, 0x000001e272cc7800,
0x000001e272ccc000, 0x000001e272cca000, 0x000001e27256d000, 0x000001e27256c000,
0x000001e272570000, 0x000001e272571000, 0x000001e272572800, 0x000001e2713c9800,
0x000001e2713cd000, 0x000001e2713c7000, 0x000001e2713c8000, 0x000001e2713cb000,
0x000001e2713cc000, 0x000001e275da2800, 0x000001e2713c8800, 0x000001e2713d2800,
0x000001e272579000, 0x000001e272576800, 0x000001e27256f800, 0x000001e272573800,
0x000001e27256d800, 0x000001e272574000, 0x000001e2713d0000, 0x000001e2713ca800,
0x000001e2713d3800
}

Java Threads: ( => current thread )
  0x000001e254cfc000 JavaThread "main" [_thread_blocked, id=11792, stack(0x000000de2fd00000,0x000000de2fe00000)]
  0x000001e2701bd800 JavaThread "Reference Handler" daemon [_thread_blocked, id=12320, stack(0x000000de30400000,0x000000de30500000)]
  0x000001e2701bf000 JavaThread "Finalizer" daemon [_thread_blocked, id=11040, stack(0x000000de30500000,0x000000de30600000)]
  0x000001e27021f000 JavaThread "Signal Dispatcher" daemon [_thread_blocked, id=6192, stack(0x000000de30600000,0x000000de30700000)]
  0x000001e270220000 JavaThread "Attach Listener" daemon [_thread_blocked, id=12736, stack(0x000000de30700000,0x000000de30800000)]
  0x000001e270223000 JavaThread "Service Thread" daemon [_thread_blocked, id=6992, stack(0x000000de30800000,0x000000de30900000)]
  0x000001e270227000 JavaThread "C2 CompilerThread0" daemon [_thread_blocked, id=11288, stack(0x000000de30900000,0x000000de30a00000)]
  0x000001e270235800 JavaThread "C1 CompilerThread0" daemon [_thread_blocked, id=7504, stack(0x000000de30a00000,0x000000de30b00000)]
  0x000001e27023b000 JavaThread "Sweeper thread" daemon [_thread_blocked, id=3900, stack(0x000000de30b00000,0x000000de30c00000)]
  0x000001e2703a4000 JavaThread "Common-Cleaner" daemon [_thread_blocked, id=4996, stack(0x000000de30c00000,0x000000de30d00000)]
  0x000001e271d3f000 JavaThread "Daemon health stats" [_thread_blocked, id=13608, stack(0x000000de30f00000,0x000000de31000000)]
  0x000001e270b74800 JavaThread "Incoming local TCP Connector on port 51247" [_thread_in_native, id=2164, stack(0x000000de31500000,0x000000de31600000)]
  0x000001e272257800 JavaThread "Daemon periodic checks" [_thread_blocked, id=11960, stack(0x000000de31600000,0x000000de31700000)]
  0x000001e272cc8000 JavaThread "Cache worker for file hash cache (C:\Users\seibrl\.gradle\caches\7.0.2\fileHashes)" [_thread_blocked, id=12148, stack(0x000000de31e00000,0x000000de31f00000)]
  0x000001e272ccb800 JavaThread "File lock request listener" [_thread_in_native, id=960, stack(0x000000de31f00000,0x000000de32000000)]
  0x000001e272cc7800 JavaThread "Cache worker for journal cache (C:\Users\seibrl\.gradle\caches\journal-1)" [_thread_blocked, id=11904, stack(0x000000de32300000,0x000000de32400000)]
=>0x000001e272ccc000 JavaThread "File watcher server" daemon [_thread_in_native, id=7380, stack(0x000000de32500000,0x000000de32600000)]
  0x000001e272cca000 JavaThread "File watcher consumer" daemon [_thread_blocked, id=5504, stack(0x000000de32600000,0x000000de32700000)]
  0x000001e27256d000 JavaThread "Cache worker for execution history cache (C:\Users\seibrl\.gradle\caches\7.0.2\executionHistory)" [_thread_blocked, id=10256, stack(0x000000de32b00000,0x000000de32c00000)]
  0x000001e27256c000 JavaThread "jar transforms" [_thread_blocked, id=2864, stack(0x000000de32c00000,0x000000de32d00000)]
  0x000001e272570000 JavaThread "jar transforms Thread 2" [_thread_blocked, id=12952, stack(0x000000de32d00000,0x000000de32e00000)]
  0x000001e272571000 JavaThread "Cache worker for file content cache (C:\Users\seibrl\.gradle\caches\7.0.2\fileContent)" [_thread_blocked, id=3280, stack(0x000000de32e00000,0x000000de32f00000)]
  0x000001e272572800 JavaThread "jar transforms Thread 3" [_thread_blocked, id=11280, stack(0x000000de33000000,0x000000de33100000)]
  0x000001e2713c9800 JavaThread "jar transforms Thread 4" [_thread_blocked, id=11820, stack(0x000000de33a00000,0x000000de33b00000)]
  0x000001e2713cd000 JavaThread "jar transforms Thread 5" [_thread_blocked, id=11284, stack(0x000000de33b00000,0x000000de33c00000)]
  0x000001e2713c7000 JavaThread "jar transforms Thread 6" [_thread_blocked, id=11856, stack(0x000000de33c00000,0x000000de33d00000)]
  0x000001e2713c8000 JavaThread "jar transforms Thread 7" [_thread_blocked, id=3440, stack(0x000000de33d00000,0x000000de33e00000)]
  0x000001e2713cb000 JavaThread "jar transforms Thread 8" [_thread_blocked, id=1700, stack(0x000000de33e00000,0x000000de33f00000)]
  0x000001e2713cc000 JavaThread "Memory manager" [_thread_blocked, id=10628, stack(0x000000de32900000,0x000000de32a00000)]
  0x000001e275da2800 JavaThread "Cache worker for Java compile cache (C:\Users\seibrl\.gradle\caches\7.0.2\javaCompile)" [_thread_blocked, id=13124, stack(0x000000de34b00000,0x000000de34c00000)]
  0x000001e2713c8800 JavaThread "ForkJoinPool.commonPool-worker-15" daemon [_thread_blocked, id=6320, stack(0x000000de35500000,0x000000de35600000)]
  0x000001e2713d2800 JavaThread "ForkJoinPool.commonPool-worker-13" daemon [_thread_blocked, id=5440, stack(0x000000de35800000,0x000000de35900000)]
  0x000001e272579000 JavaThread "ForkJoinPool.commonPool-worker-3" daemon [_thread_blocked, id=10144, stack(0x000000de35a00000,0x000000de35b00000)]
  0x000001e272576800 JavaThread "ForkJoinPool.commonPool-worker-1" daemon [_thread_blocked, id=5960, stack(0x000000de35b00000,0x000000de35c00000)]
  0x000001e27256f800 JavaThread "Daemon Thread 16" [_thread_blocked, id=14636, stack(0x000000de2fa00000,0x000000de2fb00000)]
  0x000001e272573800 Thread [stack: 0x000000de2fb00000,0x000000de2fc00000] [id=7780]
  0x000001e27256d800 Thread [stack: 0x000000de2fc00000,0x000000de2fd00000] [id=12388]
  0x000001e272574000 JavaThread "Daemon worker Thread 16" [_thread_blocked, id=14996, stack(0x000000de30e00000,0x000000de30f00000)]
  0x000001e2713d0000 JavaThread "ForkJoinPool.commonPool-worker-5" daemon [_thread_blocked, id=3656, stack(0x000000de35000000,0x000000de35100000)]
  0x000001e2713ca800 JavaThread "ForkJoinPool.commonPool-worker-9" daemon [_thread_blocked, id=1136, stack(0x000000de35100000,0x000000de35200000)]
  0x000001e2713d3800 JavaThread "ForkJoinPool.commonPool-worker-7" daemon [_thread_blocked, id=2532, stack(0x000000de35200000,0x000000de35300000)]

Other Threads:
  0x000001e2701bb000 VMThread "VM Thread" [stack: 0x000000de30300000,0x000000de30400000] [id=6864]
  0x000001e2703a4800 WatcherThread [stack: 0x000000de30d00000,0x000000de30e00000] [id=7920]
  0x000001e254d13800 GCTaskThread "GC Thread#0" [stack: 0x000000de2fe00000,0x000000de2ff00000] [id=12804]
  0x000001e270f64800 GCTaskThread "GC Thread#1" [stack: 0x000000de31000000,0x000000de31100000] [id=11648]
  0x000001e270806000 GCTaskThread "GC Thread#2" [stack: 0x000000de31100000,0x000000de31200000] [id=12608]
  0x000001e271030800 GCTaskThread "GC Thread#3" [stack: 0x000000de31200000,0x000000de31300000] [id=12732]
  0x000001e271030000 GCTaskThread "GC Thread#4" [stack: 0x000000de31300000,0x000000de31400000] [id=828]
  0x000001e27102c000 GCTaskThread "GC Thread#5" [stack: 0x000000de31400000,0x000000de31500000] [id=12772]
  0x000001e27102d000 GCTaskThread "GC Thread#6" [stack: 0x000000de32000000,0x000000de32100000] [id=9120]
  0x000001e271031800 GCTaskThread "GC Thread#7" [stack: 0x000000de32100000,0x000000de32200000] [id=12268]
  0x000001e254d47800 ConcurrentGCThread "G1 Main Marker" [stack: 0x000000de2ff00000,0x000000de30000000] [id=10272]
  0x000001e254d4b000 ConcurrentGCThread "G1 Conc#0" [stack: 0x000000de30000000,0x000000de30100000] [id=10296]
  0x000001e27102b000 ConcurrentGCThread "G1 Conc#1" [stack: 0x000000de32200000,0x000000de32300000] [id=13072]
  0x000001e26f808800 ConcurrentGCThread "G1 Refine#0" [stack: 0x000000de30100000,0x000000de30200000] [id=12936]
  0x000001e27a7b9000 ConcurrentGCThread "G1 Refine#1" [stack: 0x000000de32400000,0x000000de32500000] [id=7044]
  0x000001e254ddd800 ConcurrentGCThread "G1 Young RemSet Sampling" [stack: 0x000000de30200000,0x000000de30300000] [id=13228]

Threads with active compile tasks:

VM state:not at safepoint (normal execution)

VM Mutex/Monitor currently owned by a thread: None

Heap address: 0x0000000080000000, size: 2048 MB, Compressed Oops mode: 32-bit
Narrow klass base: 0x0000000000000000, Narrow klass shift: 3
Compressed class space size: 1073741824 Address: 0x0000000100000000

Heap:
 garbage-first heap   total 262144K, used 199886K [0x0000000080000000, 0x0000000100000000)
  region size 1024K, 72 young (73728K), 15 survivors (15360K)
 Metaspace       used 126690K, capacity 131154K, committed 131276K, reserved 1163264K
  class space    used 15743K, capacity 17346K, committed 17356K, reserved 1048576K
Heap Regions: E=young(eden), S=young(survivor), O=old, HS=humongous(starts), HC=humongous(continues), CS=collection set, F=free, A=archive, TAMS=top-at-mark-start (previous, next)
|   0|0x0000000080000000, 0x0000000080100000, 0x0000000080100000|100%| O|  |TAMS 0x0000000080100000, 0x0000000080000000| Untracked 
|   1|0x0000000080100000, 0x0000000080200000, 0x0000000080200000|100%| O|  |TAMS 0x0000000080200000, 0x0000000080100000| Untracked 
|   2|0x0000000080200000, 0x0000000080300000, 0x0000000080300000|100%| O|  |TAMS 0x0000000080300000, 0x0000000080200000| Untracked 
|   3|0x0000000080300000, 0x0000000080400000, 0x0000000080400000|100%|HS|  |TAMS 0x0000000080400000, 0x0000000080300000| Complete 
|   4|0x0000000080400000, 0x0000000080500000, 0x0000000080500000|100%|HC|  |TAMS 0x0000000080500000, 0x0000000080400000| Complete 
|   5|0x0000000080500000, 0x0000000080600000, 0x0000000080600000|100%|HC|  |TAMS 0x0000000080600000, 0x0000000080500000| Complete 
|   6|0x0000000080600000, 0x0000000080700000, 0x0000000080700000|100%| O|  |TAMS 0x0000000080700000, 0x0000000080600000| Untracked 
|   7|0x0000000080700000, 0x0000000080800000, 0x0000000080800000|100%| O|  |TAMS 0x0000000080800000, 0x0000000080700000| Untracked 
|   8|0x0000000080800000, 0x0000000080900000, 0x0000000080900000|100%| O|  |TAMS 0x0000000080900000, 0x0000000080800000| Untracked 
|   9|0x0000000080900000, 0x0000000080a00000, 0x0000000080a00000|100%| O|  |TAMS 0x0000000080a00000, 0x0000000080900000| Untracked 
|  10|0x0000000080a00000, 0x0000000080b00000, 0x0000000080b00000|100%| O|  |TAMS 0x0000000080b00000, 0x0000000080a00000| Untracked 
|  11|0x0000000080b00000, 0x0000000080c00000, 0x0000000080c00000|100%| O|  |TAMS 0x0000000080c00000, 0x0000000080b00000| Untracked 
|  12|0x0000000080c00000, 0x0000000080d00000, 0x0000000080d00000|100%| O|  |TAMS 0x0000000080d00000, 0x0000000080c00000| Untracked 
|  13|0x0000000080d00000, 0x0000000080e00000, 0x0000000080e00000|100%| O|  |TAMS 0x0000000080e00000, 0x0000000080d00000| Untracked 
|  14|0x0000000080e00000, 0x0000000080f00000, 0x0000000080f00000|100%| O|  |TAMS 0x0000000080f00000, 0x0000000080e00000| Complete 
|  15|0x0000000080f00000, 0x0000000081000000, 0x0000000081000000|100%| O|  |TAMS 0x0000000081000000, 0x0000000080f00000| Untracked 
|  16|0x0000000081000000, 0x0000000081100000, 0x0000000081100000|100%|HS|  |TAMS 0x0000000081100000, 0x0000000081000000| Complete 
|  17|0x0000000081100000, 0x0000000081200000, 0x0000000081200000|100%|HS|  |TAMS 0x0000000081200000, 0x0000000081100000| Complete 
|  18|0x0000000081200000, 0x0000000081300000, 0x0000000081300000|100%|HS|  |TAMS 0x0000000081300000, 0x0000000081200000| Complete 
|  19|0x0000000081300000, 0x0000000081400000, 0x0000000081400000|100%|HC|  |TAMS 0x0000000081400000, 0x0000000081300000| Complete 
|  20|0x0000000081400000, 0x00000000814ffff8, 0x0000000081500000| 99%| O|  |TAMS 0x00000000814ffff8, 0x0000000081400000| Untracked 
|  21|0x0000000081500000, 0x0000000081600000, 0x0000000081600000|100%| O|  |TAMS 0x0000000081600000, 0x0000000081500000| Complete 
|  22|0x0000000081600000, 0x0000000081700000, 0x0000000081700000|100%| O|  |TAMS 0x0000000081700000, 0x0000000081600000| Complete 
|  23|0x0000000081700000, 0x0000000081800000, 0x0000000081800000|100%| O|  |TAMS 0x0000000081800000, 0x0000000081700000| Complete 
|  24|0x0000000081800000, 0x0000000081900000, 0x0000000081900000|100%| O|  |TAMS 0x0000000081900000, 0x0000000081800000| Complete 
|  25|0x0000000081900000, 0x0000000081a00000, 0x0000000081a00000|100%| O|  |TAMS 0x0000000081a00000, 0x0000000081900000| Complete 
|  26|0x0000000081a00000, 0x0000000081b00000, 0x0000000081b00000|100%| O|  |TAMS 0x0000000081b00000, 0x0000000081a00000| Untracked 
|  27|0x0000000081b00000, 0x0000000081c00000, 0x0000000081c00000|100%| O|  |TAMS 0x0000000081c00000, 0x0000000081b00000| Untracked 
|  28|0x0000000081c00000, 0x0000000081d00000, 0x0000000081d00000|100%| O|  |TAMS 0x0000000081d00000, 0x0000000081c00000| Untracked 
|  29|0x0000000081d00000, 0x0000000081e00000, 0x0000000081e00000|100%| O|  |TAMS 0x0000000081e00000, 0x0000000081d00000| Untracked 
|  30|0x0000000081e00000, 0x0000000081f00000, 0x0000000081f00000|100%| O|  |TAMS 0x0000000081f00000, 0x0000000081e00000| Untracked 
|  31|0x0000000081f00000, 0x0000000082000000, 0x0000000082000000|100%| O|  |TAMS 0x0000000082000000, 0x0000000081f00000| Complete 
|  32|0x0000000082000000, 0x0000000082100000, 0x0000000082100000|100%| O|  |TAMS 0x0000000082100000, 0x0000000082000000| Complete 
|  33|0x0000000082100000, 0x0000000082200000, 0x0000000082200000|100%| O|  |TAMS 0x0000000082200000, 0x0000000082100000| Untracked 
|  34|0x0000000082200000, 0x0000000082300000, 0x0000000082300000|100%| O|  |TAMS 0x0000000082300000, 0x0000000082200000| Complete 
|  35|0x0000000082300000, 0x0000000082400000, 0x0000000082400000|100%| O|  |TAMS 0x0000000082400000, 0x0000000082300000| Untracked 
|  36|0x0000000082400000, 0x0000000082500000, 0x0000000082500000|100%| O|  |TAMS 0x0000000082500000, 0x0000000082400000| Complete 
|  37|0x0000000082500000, 0x0000000082600000, 0x0000000082600000|100%| O|  |TAMS 0x0000000082600000, 0x0000000082500000| Complete 
|  38|0x0000000082600000, 0x0000000082700000, 0x0000000082700000|100%| O|  |TAMS 0x0000000082700000, 0x0000000082600000| Complete 
|  39|0x0000000082700000, 0x0000000082800000, 0x0000000082800000|100%| O|  |TAMS 0x0000000082800000, 0x0000000082700000| Complete 
|  40|0x0000000082800000, 0x0000000082900000, 0x0000000082900000|100%| O|  |TAMS 0x0000000082900000, 0x0000000082800000| Complete 
|  41|0x0000000082900000, 0x0000000082a00000, 0x0000000082a00000|100%| O|  |TAMS 0x0000000082a00000, 0x0000000082900000| Complete 
|  42|0x0000000082a00000, 0x0000000082b00000, 0x0000000082b00000|100%| O|  |TAMS 0x0000000082b00000, 0x0000000082a00000| Complete 
|  43|0x0000000082b00000, 0x0000000082c00000, 0x0000000082c00000|100%| O|  |TAMS 0x0000000082c00000, 0x0000000082b00000| Complete 
|  44|0x0000000082c00000, 0x0000000082d00000, 0x0000000082d00000|100%| O|  |TAMS 0x0000000082d00000, 0x0000000082c00000| Complete 
|  45|0x0000000082d00000, 0x0000000082e00000, 0x0000000082e00000|100%| O|  |TAMS 0x0000000082e00000, 0x0000000082d00000| Complete 
|  46|0x0000000082e00000, 0x0000000082f00000, 0x0000000082f00000|100%| O|  |TAMS 0x0000000082f00000, 0x0000000082e00000| Complete 
|  47|0x0000000082f00000, 0x0000000083000000, 0x0000000083000000|100%| O|  |TAMS 0x0000000083000000, 0x0000000082f00000| Complete 
|  48|0x0000000083000000, 0x0000000083100000, 0x0000000083100000|100%| O|  |TAMS 0x0000000083100000, 0x0000000083000000| Complete 
|  49|0x0000000083100000, 0x0000000083200000, 0x0000000083200000|100%| O|  |TAMS 0x0000000083200000, 0x0000000083100000| Complete 
|  50|0x0000000083200000, 0x0000000083300000, 0x0000000083300000|100%| O|  |TAMS 0x0000000083300000, 0x0000000083200000| Complete 
|  51|0x0000000083300000, 0x0000000083400000, 0x0000000083400000|100%| O|  |TAMS 0x0000000083400000, 0x0000000083300000| Complete 
|  52|0x0000000083400000, 0x0000000083500000, 0x0000000083500000|100%| O|  |TAMS 0x0000000083500000, 0x0000000083400000| Complete 
|  53|0x0000000083500000, 0x0000000083600000, 0x0000000083600000|100%| O|  |TAMS 0x0000000083600000, 0x0000000083500000| Complete 
|  54|0x0000000083600000, 0x0000000083700000, 0x0000000083700000|100%| O|  |TAMS 0x0000000083700000, 0x0000000083600000| Complete 
|  55|0x0000000083700000, 0x0000000083800000, 0x0000000083800000|100%| O|  |TAMS 0x0000000083800000, 0x0000000083700000| Complete 
|  56|0x0000000083800000, 0x0000000083900000, 0x0000000083900000|100%| O|  |TAMS 0x0000000083900000, 0x0000000083800000| Complete 
|  57|0x0000000083900000, 0x0000000083a00000, 0x0000000083a00000|100%| O|  |TAMS 0x0000000083a00000, 0x0000000083900000| Untracked 
|  58|0x0000000083a00000, 0x0000000083b00000, 0x0000000083b00000|100%| O|  |TAMS 0x0000000083b00000, 0x0000000083a00000| Complete 
|  59|0x0000000083b00000, 0x0000000083c00000, 0x0000000083c00000|100%| O|  |TAMS 0x0000000083c00000, 0x0000000083b00000| Complete 
|  60|0x0000000083c00000, 0x0000000083d00000, 0x0000000083d00000|100%|HS|  |TAMS 0x0000000083c00000, 0x0000000083c00000| Complete 
|  61|0x0000000083d00000, 0x0000000083e00000, 0x0000000083e00000|100%| O|  |TAMS 0x0000000083e00000, 0x0000000083d00000| Complete 
|  62|0x0000000083e00000, 0x0000000083f00000, 0x0000000083f00000|100%|HS|  |TAMS 0x0000000083e00000, 0x0000000083e00000| Complete 
|  63|0x0000000083f00000, 0x0000000084000000, 0x0000000084000000|100%|HC|  |TAMS 0x0000000083f00000, 0x0000000083f00000| Complete 
|  64|0x0000000084000000, 0x0000000084100000, 0x0000000084100000|100%| O|  |TAMS 0x0000000084100000, 0x0000000084000000| Complete 
|  65|0x0000000084100000, 0x0000000084200000, 0x0000000084200000|100%| O|  |TAMS 0x0000000084200000, 0x0000000084100000| Complete 
|  66|0x0000000084200000, 0x0000000084300000, 0x0000000084300000|100%| O|  |TAMS 0x0000000084300000, 0x0000000084200000| Complete 
|  67|0x0000000084300000, 0x0000000084400000, 0x0000000084400000|100%|HS|  |TAMS 0x0000000084300000, 0x0000000084300000| Complete 
|  68|0x0000000084400000, 0x0000000084500000, 0x0000000084500000|100%|HC|  |TAMS 0x0000000084400000, 0x0000000084400000| Complete 
|  69|0x0000000084500000, 0x0000000084600000, 0x0000000084600000|100%| O|  |TAMS 0x0000000084600000, 0x0000000084500000| Complete 
|  70|0x0000000084600000, 0x0000000084700000, 0x0000000084700000|100%| O|  |TAMS 0x0000000084700000, 0x0000000084600000| Complete 
|  71|0x0000000084700000, 0x0000000084800000, 0x0000000084800000|100%| O|  |TAMS 0x0000000084800000, 0x0000000084700000| Complete 
|  72|0x0000000084800000, 0x0000000084900000, 0x0000000084900000|100%| O|  |TAMS 0x0000000084900000, 0x0000000084800000| Complete 
|  73|0x0000000084900000, 0x0000000084a00000, 0x0000000084a00000|100%| O|  |TAMS 0x0000000084a00000, 0x0000000084900000| Complete 
|  74|0x0000000084a00000, 0x0000000084a00000, 0x0000000084b00000|  0%| F|  |TAMS 0x0000000084a00000, 0x0000000084a00000| Untracked 
|  75|0x0000000084b00000, 0x0000000084c00000, 0x0000000084c00000|100%| O|  |TAMS 0x0000000084c00000, 0x0000000084b00000| Complete 
|  76|0x0000000084c00000, 0x0000000084d00000, 0x0000000084d00000|100%| O|  |TAMS 0x0000000084d00000, 0x0000000084c00000| Complete 
|  77|0x0000000084d00000, 0x0000000084e00000, 0x0000000084e00000|100%| O|  |TAMS 0x0000000084e00000, 0x0000000084d00000| Complete 
|  78|0x0000000084e00000, 0x0000000084f00000, 0x0000000084f00000|100%| O|  |TAMS 0x0000000084f00000, 0x0000000084e00000| Complete 
|  79|0x0000000084f00000, 0x0000000085000000, 0x0000000085000000|100%| O|  |TAMS 0x0000000085000000, 0x0000000084f00000| Complete 
|  80|0x0000000085000000, 0x0000000085100000, 0x0000000085100000|100%| O|  |TAMS 0x0000000085100000, 0x0000000085000000| Complete 
|  81|0x0000000085100000, 0x0000000085200000, 0x0000000085200000|100%|HS|  |TAMS 0x0000000085100000, 0x0000000085100000| Complete 
|  82|0x0000000085200000, 0x0000000085300000, 0x0000000085300000|100%|HC|  |TAMS 0x0000000085200000, 0x0000000085200000| Complete 
|  83|0x0000000085300000, 0x0000000085400000, 0x0000000085400000|100%|HC|  |TAMS 0x0000000085300000, 0x0000000085300000| Complete 
|  84|0x0000000085400000, 0x0000000085400000, 0x0000000085500000|  0%| F|  |TAMS 0x0000000085400000, 0x0000000085400000| Untracked 
|  85|0x0000000085500000, 0x0000000085600000, 0x0000000085600000|100%| O|  |TAMS 0x0000000085600000, 0x0000000085500000| Untracked 
|  86|0x0000000085600000, 0x0000000085700000, 0x0000000085700000|100%|HS|  |TAMS 0x0000000085600000, 0x0000000085600000| Complete 
|  87|0x0000000085700000, 0x0000000085800000, 0x0000000085800000|100%|HC|  |TAMS 0x0000000085700000, 0x0000000085700000| Complete 
|  88|0x0000000085800000, 0x0000000085900000, 0x0000000085900000|100%|HC|  |TAMS 0x0000000085800000, 0x0000000085800000| Complete 
|  89|0x0000000085900000, 0x0000000085a00000, 0x0000000085a00000|100%|HS|  |TAMS 0x0000000085900000, 0x0000000085900000| Complete 
|  90|0x0000000085a00000, 0x0000000085b00000, 0x0000000085b00000|100%|HC|  |TAMS 0x0000000085a00000, 0x0000000085a00000| Complete 
|  91|0x0000000085b00000, 0x0000000085b00000, 0x0000000085c00000|  0%| F|  |TAMS 0x0000000085b00000, 0x0000000085b00000| Untracked 
|  92|0x0000000085c00000, 0x0000000085d00000, 0x0000000085d00000|100%| O|  |TAMS 0x0000000085d00000, 0x0000000085c00000| Untracked 
|  93|0x0000000085d00000, 0x0000000085e00000, 0x0000000085e00000|100%| O|  |TAMS 0x0000000085e00000, 0x0000000085d00000| Untracked 
|  94|0x0000000085e00000, 0x0000000085f00000, 0x0000000085f00000|100%|HS|  |TAMS 0x0000000085f00000, 0x0000000085e00000| Complete 
|  95|0x0000000085f00000, 0x0000000086000000, 0x0000000086000000|100%|HC|  |TAMS 0x0000000086000000, 0x0000000085f00000| Complete 
|  96|0x0000000086000000, 0x0000000086100000, 0x0000000086100000|100%| O|  |TAMS 0x0000000086100000, 0x0000000086000000| Complete 
|  97|0x0000000086100000, 0x0000000086200000, 0x0000000086200000|100%| O|  |TAMS 0x0000000086200000, 0x0000000086100000| Untracked 
|  98|0x0000000086200000, 0x0000000086300000, 0x0000000086300000|100%| O|  |TAMS 0x0000000086300000, 0x0000000086200000| Untracked 
|  99|0x0000000086300000, 0x0000000086400000, 0x0000000086400000|100%| O|  |TAMS 0x0000000086400000, 0x0000000086300000| Untracked 
| 100|0x0000000086400000, 0x0000000086500000, 0x0000000086500000|100%| O|  |TAMS 0x0000000086500000, 0x0000000086400000| Complete 
| 101|0x0000000086500000, 0x0000000086600000, 0x0000000086600000|100%| O|  |TAMS 0x0000000086600000, 0x0000000086500000| Complete 
| 102|0x0000000086600000, 0x0000000086700000, 0x0000000086700000|100%| O|  |TAMS 0x0000000086700000, 0x0000000086600000| Untracked 
| 103|0x0000000086700000, 0x0000000086800000, 0x0000000086800000|100%| O|  |TAMS 0x0000000086800000, 0x0000000086700000| Untracked 
| 104|0x0000000086800000, 0x0000000086900000, 0x0000000086900000|100%|HS|  |TAMS 0x0000000086900000, 0x0000000086800000| Complete 
| 105|0x0000000086900000, 0x0000000086a00000, 0x0000000086a00000|100%|HC|  |TAMS 0x0000000086a00000, 0x0000000086900000| Complete 
| 106|0x0000000086a00000, 0x0000000086b00000, 0x0000000086b00000|100%|HC|  |TAMS 0x0000000086b00000, 0x0000000086a00000| Complete 
| 107|0x0000000086b00000, 0x0000000086c00000, 0x0000000086c00000|100%|HC|  |TAMS 0x0000000086c00000, 0x0000000086b00000| Complete 
| 108|0x0000000086c00000, 0x0000000086d00000, 0x0000000086d00000|100%| O|  |TAMS 0x0000000086d00000, 0x0000000086c00000| Untracked 
| 109|0x0000000086d00000, 0x0000000086e00000, 0x0000000086e00000|100%| O|  |TAMS 0x0000000086e00000, 0x0000000086d00000| Complete 
| 110|0x0000000086e00000, 0x0000000086f00000, 0x0000000086f00000|100%| O|  |TAMS 0x0000000086f00000, 0x0000000086e00000| Complete 
| 111|0x0000000086f00000, 0x0000000087000000, 0x0000000087000000|100%| O|  |TAMS 0x0000000087000000, 0x0000000086f00000| Complete 
| 112|0x0000000087000000, 0x0000000087100000, 0x0000000087100000|100%| O|  |TAMS 0x0000000087100000, 0x0000000087000000| Complete 
| 113|0x0000000087100000, 0x0000000087200000, 0x0000000087200000|100%| O|  |TAMS 0x0000000087200000, 0x0000000087100000| Complete 
| 114|0x0000000087200000, 0x0000000087300000, 0x0000000087300000|100%|HS|  |TAMS 0x0000000087200000, 0x0000000087200000| Complete 
| 115|0x0000000087300000, 0x0000000087400000, 0x0000000087400000|100%|HC|  |TAMS 0x0000000087300000, 0x0000000087300000| Complete 
| 116|0x0000000087400000, 0x0000000087500000, 0x0000000087500000|100%| O|  |TAMS 0x0000000087500000, 0x0000000087400000| Complete 
| 117|0x0000000087500000, 0x0000000087600000, 0x0000000087600000|100%| O|  |TAMS 0x0000000087600000, 0x0000000087500000| Complete 
| 118|0x0000000087600000, 0x0000000087700000, 0x0000000087700000|100%| O|  |TAMS 0x0000000087700000, 0x0000000087600000| Complete 
| 119|0x0000000087700000, 0x0000000087800000, 0x0000000087800000|100%| O|  |TAMS 0x0000000087800000, 0x0000000087700000| Untracked 
| 120|0x0000000087800000, 0x0000000087900000, 0x0000000087900000|100%| O|  |TAMS 0x0000000087900000, 0x0000000087800000| Untracked 
| 121|0x0000000087900000, 0x0000000087a00000, 0x0000000087a00000|100%| O|  |TAMS 0x0000000087a00000, 0x0000000087900000| Complete 
| 122|0x0000000087a00000, 0x0000000087a33c00, 0x0000000087b00000| 20%| O|  |TAMS 0x0000000087a33c00, 0x0000000087a00000| Untracked 
| 123|0x0000000087b00000, 0x0000000087c00000, 0x0000000087c00000|100%|HS|  |TAMS 0x0000000087b00000, 0x0000000087b00000| Complete 
| 124|0x0000000087c00000, 0x0000000087d00000, 0x0000000087d00000|100%|HC|  |TAMS 0x0000000087c00000, 0x0000000087c00000| Complete 
| 125|0x0000000087d00000, 0x0000000087e00000, 0x0000000087e00000|100%|HS|  |TAMS 0x0000000087d00000, 0x0000000087d00000| Complete 
| 126|0x0000000087e00000, 0x0000000087f00000, 0x0000000087f00000|100%|HC|  |TAMS 0x0000000087e00000, 0x0000000087e00000| Complete 
| 127|0x0000000087f00000, 0x0000000088000000, 0x0000000088000000|100%|HS|  |TAMS 0x0000000087f00000, 0x0000000087f00000| Complete 
| 128|0x0000000088000000, 0x0000000088100000, 0x0000000088100000|100%|HC|  |TAMS 0x0000000088000000, 0x0000000088000000| Complete 
| 129|0x0000000088100000, 0x0000000088100000, 0x0000000088200000|  0%| F|  |TAMS 0x0000000088100000, 0x0000000088100000| Untracked 
| 130|0x0000000088200000, 0x0000000088200000, 0x0000000088300000|  0%| F|  |TAMS 0x0000000088200000, 0x0000000088200000| Untracked 
| 131|0x0000000088300000, 0x0000000088300000, 0x0000000088400000|  0%| F|  |TAMS 0x0000000088300000, 0x0000000088300000| Untracked 
| 132|0x0000000088400000, 0x0000000088400000, 0x0000000088500000|  0%| F|  |TAMS 0x0000000088400000, 0x0000000088400000| Untracked 
| 133|0x0000000088500000, 0x0000000088500000, 0x0000000088600000|  0%| F|  |TAMS 0x0000000088500000, 0x0000000088500000| Untracked 
| 134|0x0000000088600000, 0x0000000088600000, 0x0000000088700000|  0%| F|  |TAMS 0x0000000088600000, 0x0000000088600000| Untracked 
| 135|0x0000000088700000, 0x0000000088700000, 0x0000000088800000|  0%| F|  |TAMS 0x0000000088700000, 0x0000000088700000| Untracked 
| 136|0x0000000088800000, 0x0000000088800000, 0x0000000088900000|  0%| F|  |TAMS 0x0000000088800000, 0x0000000088800000| Untracked 
| 137|0x0000000088900000, 0x0000000088900000, 0x0000000088a00000|  0%| F|  |TAMS 0x0000000088900000, 0x0000000088900000| Untracked 
| 138|0x0000000088a00000, 0x0000000088a00000, 0x0000000088b00000|  0%| F|  |TAMS 0x0000000088a00000, 0x0000000088a00000| Untracked 
| 139|0x0000000088b00000, 0x0000000088b00000, 0x0000000088c00000|  0%| F|  |TAMS 0x0000000088b00000, 0x0000000088b00000| Untracked 
| 140|0x0000000088c00000, 0x0000000088c00000, 0x0000000088d00000|  0%| F|  |TAMS 0x0000000088c00000, 0x0000000088c00000| Untracked 
| 141|0x0000000088d00000, 0x0000000088d00000, 0x0000000088e00000|  0%| F|  |TAMS 0x0000000088d00000, 0x0000000088d00000| Untracked 
| 142|0x0000000088e00000, 0x0000000088e00000, 0x0000000088f00000|  0%| F|  |TAMS 0x0000000088e00000, 0x0000000088e00000| Untracked 
| 143|0x0000000088f00000, 0x0000000088f00000, 0x0000000089000000|  0%| F|  |TAMS 0x0000000088f00000, 0x0000000088f00000| Untracked 
| 144|0x0000000089000000, 0x0000000089000000, 0x0000000089100000|  0%| F|  |TAMS 0x0000000089000000, 0x0000000089000000| Untracked 
| 145|0x0000000089100000, 0x0000000089100000, 0x0000000089200000|  0%| F|  |TAMS 0x0000000089100000, 0x0000000089100000| Untracked 
| 146|0x0000000089200000, 0x0000000089200000, 0x0000000089300000|  0%| F|  |TAMS 0x0000000089200000, 0x0000000089200000| Untracked 
| 147|0x0000000089300000, 0x0000000089300000, 0x0000000089400000|  0%| F|  |TAMS 0x0000000089300000, 0x0000000089300000| Untracked 
| 148|0x0000000089400000, 0x0000000089400000, 0x0000000089500000|  0%| F|  |TAMS 0x0000000089400000, 0x0000000089400000| Untracked 
| 149|0x0000000089500000, 0x0000000089500000, 0x0000000089600000|  0%| F|  |TAMS 0x0000000089500000, 0x0000000089500000| Untracked 
| 150|0x0000000089600000, 0x0000000089600000, 0x0000000089700000|  0%| F|  |TAMS 0x0000000089600000, 0x0000000089600000| Untracked 
| 151|0x0000000089700000, 0x0000000089700000, 0x0000000089800000|  0%| F|  |TAMS 0x0000000089700000, 0x0000000089700000| Untracked 
| 152|0x0000000089800000, 0x0000000089800000, 0x0000000089900000|  0%| F|  |TAMS 0x0000000089800000, 0x0000000089800000| Untracked 
| 153|0x0000000089900000, 0x0000000089900000, 0x0000000089a00000|  0%| F|  |TAMS 0x0000000089900000, 0x0000000089900000| Untracked 
| 154|0x0000000089a00000, 0x0000000089a00000, 0x0000000089b00000|  0%| F|  |TAMS 0x0000000089a00000, 0x0000000089a00000| Untracked 
| 155|0x0000000089b00000, 0x0000000089b00000, 0x0000000089c00000|  0%| F|  |TAMS 0x0000000089b00000, 0x0000000089b00000| Untracked 
| 156|0x0000000089c00000, 0x0000000089c00000, 0x0000000089d00000|  0%| F|  |TAMS 0x0000000089c00000, 0x0000000089c00000| Untracked 
| 157|0x0000000089d00000, 0x0000000089d00000, 0x0000000089e00000|  0%| F|  |TAMS 0x0000000089d00000, 0x0000000089d00000| Untracked 
| 158|0x0000000089e00000, 0x0000000089f00000, 0x0000000089f00000|100%| S|CS|TAMS 0x0000000089e00000, 0x0000000089e00000| Complete 
| 159|0x0000000089f00000, 0x000000008a000000, 0x000000008a000000|100%| S|CS|TAMS 0x0000000089f00000, 0x0000000089f00000| Complete 
| 160|0x000000008a000000, 0x000000008a100000, 0x000000008a100000|100%| S|CS|TAMS 0x000000008a000000, 0x000000008a000000| Complete 
| 161|0x000000008a100000, 0x000000008a200000, 0x000000008a200000|100%| S|CS|TAMS 0x000000008a100000, 0x000000008a100000| Complete 
| 162|0x000000008a200000, 0x000000008a300000, 0x000000008a300000|100%| S|CS|TAMS 0x000000008a200000, 0x000000008a200000| Complete 
| 163|0x000000008a300000, 0x000000008a400000, 0x000000008a400000|100%| S|CS|TAMS 0x000000008a300000, 0x000000008a300000| Complete 
| 164|0x000000008a400000, 0x000000008a500000, 0x000000008a500000|100%| S|CS|TAMS 0x000000008a400000, 0x000000008a400000| Complete 
| 165|0x000000008a500000, 0x000000008a600000, 0x000000008a600000|100%| S|CS|TAMS 0x000000008a500000, 0x000000008a500000| Complete 
| 166|0x000000008a600000, 0x000000008a700000, 0x000000008a700000|100%| S|CS|TAMS 0x000000008a600000, 0x000000008a600000| Complete 
| 167|0x000000008a700000, 0x000000008a800000, 0x000000008a800000|100%| S|CS|TAMS 0x000000008a700000, 0x000000008a700000| Complete 
| 168|0x000000008a800000, 0x000000008a900000, 0x000000008a900000|100%| S|CS|TAMS 0x000000008a800000, 0x000000008a800000| Complete 
| 169|0x000000008a900000, 0x000000008aa00000, 0x000000008aa00000|100%| S|CS|TAMS 0x000000008a900000, 0x000000008a900000| Complete 
| 170|0x000000008aa00000, 0x000000008ab00000, 0x000000008ab00000|100%| S|CS|TAMS 0x000000008aa00000, 0x000000008aa00000| Complete 
| 171|0x000000008ab00000, 0x000000008ac00000, 0x000000008ac00000|100%| S|CS|TAMS 0x000000008ab00000, 0x000000008ab00000| Complete 
| 172|0x000000008ac00000, 0x000000008ad00000, 0x000000008ad00000|100%| S|CS|TAMS 0x000000008ac00000, 0x000000008ac00000| Complete 
| 173|0x000000008ad00000, 0x000000008ad00000, 0x000000008ae00000|  0%| F|  |TAMS 0x000000008ad00000, 0x000000008ad00000| Untracked 
| 174|0x000000008ae00000, 0x000000008ae00000, 0x000000008af00000|  0%| F|  |TAMS 0x000000008ae00000, 0x000000008ae00000| Untracked 
| 175|0x000000008af00000, 0x000000008af00000, 0x000000008b000000|  0%| F|  |TAMS 0x000000008af00000, 0x000000008af00000| Untracked 
| 176|0x000000008b000000, 0x000000008b000000, 0x000000008b100000|  0%| F|  |TAMS 0x000000008b000000, 0x000000008b000000| Untracked 
| 177|0x000000008b100000, 0x000000008b100000, 0x000000008b200000|  0%| F|  |TAMS 0x000000008b100000, 0x000000008b100000| Untracked 
| 178|0x000000008b200000, 0x000000008b200000, 0x000000008b300000|  0%| F|  |TAMS 0x000000008b200000, 0x000000008b200000| Untracked 
| 179|0x000000008b300000, 0x000000008b300000, 0x000000008b400000|  0%| F|  |TAMS 0x000000008b300000, 0x000000008b300000| Untracked 
| 180|0x000000008b400000, 0x000000008b400000, 0x000000008b500000|  0%| F|  |TAMS 0x000000008b400000, 0x000000008b400000| Untracked 
| 181|0x000000008b500000, 0x000000008b500000, 0x000000008b600000|  0%| F|  |TAMS 0x000000008b500000, 0x000000008b500000| Untracked 
| 182|0x000000008b600000, 0x000000008b600000, 0x000000008b700000|  0%| F|  |TAMS 0x000000008b600000, 0x000000008b600000| Untracked 
| 183|0x000000008b700000, 0x000000008b700000, 0x000000008b800000|  0%| F|  |TAMS 0x000000008b700000, 0x000000008b700000| Untracked 
| 184|0x000000008b800000, 0x000000008b800000, 0x000000008b900000|  0%| F|  |TAMS 0x000000008b800000, 0x000000008b800000| Untracked 
| 185|0x000000008b900000, 0x000000008b900000, 0x000000008ba00000|  0%| F|  |TAMS 0x000000008b900000, 0x000000008b900000| Untracked 
| 186|0x000000008ba00000, 0x000000008ba00000, 0x000000008bb00000|  0%| F|  |TAMS 0x000000008ba00000, 0x000000008ba00000| Untracked 
| 187|0x000000008bb00000, 0x000000008bb00000, 0x000000008bc00000|  0%| F|  |TAMS 0x000000008bb00000, 0x000000008bb00000| Untracked 
| 188|0x000000008bc00000, 0x000000008bc00000, 0x000000008bd00000|  0%| F|  |TAMS 0x000000008bc00000, 0x000000008bc00000| Untracked 
| 189|0x000000008bd00000, 0x000000008bd00000, 0x000000008be00000|  0%| F|  |TAMS 0x000000008bd00000, 0x000000008bd00000| Untracked 
| 190|0x000000008be00000, 0x000000008be00000, 0x000000008bf00000|  0%| F|  |TAMS 0x000000008be00000, 0x000000008be00000| Untracked 
| 191|0x000000008bf00000, 0x000000008bf00000, 0x000000008c000000|  0%| F|  |TAMS 0x000000008bf00000, 0x000000008bf00000| Untracked 
| 192|0x000000008c000000, 0x000000008c000000, 0x000000008c100000|  0%| F|  |TAMS 0x000000008c000000, 0x000000008c000000| Untracked 
| 193|0x000000008c100000, 0x000000008c100000, 0x000000008c200000|  0%| F|  |TAMS 0x000000008c100000, 0x000000008c100000| Untracked 
| 194|0x000000008c200000, 0x000000008c200000, 0x000000008c300000|  0%| F|  |TAMS 0x000000008c200000, 0x000000008c200000| Untracked 
| 195|0x000000008c300000, 0x000000008c300000, 0x000000008c400000|  0%| F|  |TAMS 0x000000008c300000, 0x000000008c300000| Untracked 
| 196|0x000000008c400000, 0x000000008c400000, 0x000000008c500000|  0%| F|  |TAMS 0x000000008c400000, 0x000000008c400000| Untracked 
| 197|0x000000008c500000, 0x000000008c500000, 0x000000008c600000|  0%| F|  |TAMS 0x000000008c500000, 0x000000008c500000| Untracked 
| 198|0x000000008c600000, 0x000000008c600000, 0x000000008c700000|  0%| F|  |TAMS 0x000000008c600000, 0x000000008c600000| Untracked 
| 199|0x000000008c700000, 0x000000008c7235c0, 0x000000008c800000| 13%| E|  |TAMS 0x000000008c700000, 0x000000008c700000| Complete 
| 200|0x000000008c800000, 0x000000008c900000, 0x000000008c900000|100%| E|CS|TAMS 0x000000008c800000, 0x000000008c800000| Complete 
| 201|0x000000008c900000, 0x000000008ca00000, 0x000000008ca00000|100%| E|  |TAMS 0x000000008c900000, 0x000000008c900000| Complete 
| 202|0x000000008ca00000, 0x000000008cb00000, 0x000000008cb00000|100%| E|CS|TAMS 0x000000008ca00000, 0x000000008ca00000| Complete 
| 203|0x000000008cb00000, 0x000000008cc00000, 0x000000008cc00000|100%| E|CS|TAMS 0x000000008cb00000, 0x000000008cb00000| Complete 
| 204|0x000000008cc00000, 0x000000008cd00000, 0x000000008cd00000|100%| E|CS|TAMS 0x000000008cc00000, 0x000000008cc00000| Complete 
| 205|0x000000008cd00000, 0x000000008ce00000, 0x000000008ce00000|100%| E|CS|TAMS 0x000000008cd00000, 0x000000008cd00000| Complete 
| 206|0x000000008ce00000, 0x000000008cf00000, 0x000000008cf00000|100%| E|CS|TAMS 0x000000008ce00000, 0x000000008ce00000| Complete 
| 207|0x000000008cf00000, 0x000000008d000000, 0x000000008d000000|100%| E|CS|TAMS 0x000000008cf00000, 0x000000008cf00000| Complete 
| 208|0x000000008d000000, 0x000000008d100000, 0x000000008d100000|100%| E|CS|TAMS 0x000000008d000000, 0x000000008d000000| Complete 
| 209|0x000000008d100000, 0x000000008d200000, 0x000000008d200000|100%| E|CS|TAMS 0x000000008d100000, 0x000000008d100000| Complete 
| 210|0x000000008d200000, 0x000000008d300000, 0x000000008d300000|100%| E|CS|TAMS 0x000000008d200000, 0x000000008d200000| Complete 
| 211|0x000000008d300000, 0x000000008d400000, 0x000000008d400000|100%| E|CS|TAMS 0x000000008d300000, 0x000000008d300000| Complete 
| 212|0x000000008d400000, 0x000000008d500000, 0x000000008d500000|100%| E|CS|TAMS 0x000000008d400000, 0x000000008d400000| Complete 
| 213|0x000000008d500000, 0x000000008d600000, 0x000000008d600000|100%| E|CS|TAMS 0x000000008d500000, 0x000000008d500000| Complete 
| 214|0x000000008d600000, 0x000000008d700000, 0x000000008d700000|100%| E|CS|TAMS 0x000000008d600000, 0x000000008d600000| Complete 
| 215|0x000000008d700000, 0x000000008d800000, 0x000000008d800000|100%| E|CS|TAMS 0x000000008d700000, 0x000000008d700000| Complete 
| 216|0x000000008d800000, 0x000000008d900000, 0x000000008d900000|100%| E|CS|TAMS 0x000000008d800000, 0x000000008d800000| Complete 
| 217|0x000000008d900000, 0x000000008da00000, 0x000000008da00000|100%| E|CS|TAMS 0x000000008d900000, 0x000000008d900000| Complete 
| 218|0x000000008da00000, 0x000000008db00000, 0x000000008db00000|100%| E|CS|TAMS 0x000000008da00000, 0x000000008da00000| Complete 
| 219|0x000000008db00000, 0x000000008dc00000, 0x000000008dc00000|100%| E|CS|TAMS 0x000000008db00000, 0x000000008db00000| Complete 
| 220|0x000000008dc00000, 0x000000008dd00000, 0x000000008dd00000|100%| E|CS|TAMS 0x000000008dc00000, 0x000000008dc00000| Complete 
| 221|0x000000008dd00000, 0x000000008de00000, 0x000000008de00000|100%| E|CS|TAMS 0x000000008dd00000, 0x000000008dd00000| Complete 
| 222|0x000000008de00000, 0x000000008df00000, 0x000000008df00000|100%| E|CS|TAMS 0x000000008de00000, 0x000000008de00000| Complete 
| 223|0x000000008df00000, 0x000000008e000000, 0x000000008e000000|100%| E|CS|TAMS 0x000000008df00000, 0x000000008df00000| Complete 
| 224|0x000000008e000000, 0x000000008e100000, 0x000000008e100000|100%| E|CS|TAMS 0x000000008e000000, 0x000000008e000000| Complete 
| 225|0x000000008e100000, 0x000000008e200000, 0x000000008e200000|100%| E|CS|TAMS 0x000000008e100000, 0x000000008e100000| Complete 
| 226|0x000000008e200000, 0x000000008e300000, 0x000000008e300000|100%| E|CS|TAMS 0x000000008e200000, 0x000000008e200000| Complete 
| 227|0x000000008e300000, 0x000000008e400000, 0x000000008e400000|100%| E|CS|TAMS 0x000000008e300000, 0x000000008e300000| Complete 
| 228|0x000000008e400000, 0x000000008e500000, 0x000000008e500000|100%| E|CS|TAMS 0x000000008e400000, 0x000000008e400000| Complete 
| 229|0x000000008e500000, 0x000000008e600000, 0x000000008e600000|100%| E|CS|TAMS 0x000000008e500000, 0x000000008e500000| Complete 
| 230|0x000000008e600000, 0x000000008e700000, 0x000000008e700000|100%| E|CS|TAMS 0x000000008e600000, 0x000000008e600000| Complete 
| 231|0x000000008e700000, 0x000000008e800000, 0x000000008e800000|100%| E|CS|TAMS 0x000000008e700000, 0x000000008e700000| Complete 
| 232|0x000000008e800000, 0x000000008e900000, 0x000000008e900000|100%| E|CS|TAMS 0x000000008e800000, 0x000000008e800000| Complete 
| 233|0x000000008e900000, 0x000000008ea00000, 0x000000008ea00000|100%| E|CS|TAMS 0x000000008e900000, 0x000000008e900000| Complete 
| 234|0x000000008ea00000, 0x000000008eb00000, 0x000000008eb00000|100%| E|CS|TAMS 0x000000008ea00000, 0x000000008ea00000| Complete 
| 235|0x000000008eb00000, 0x000000008ec00000, 0x000000008ec00000|100%| E|CS|TAMS 0x000000008eb00000, 0x000000008eb00000| Complete 
| 236|0x000000008ec00000, 0x000000008ed00000, 0x000000008ed00000|100%| E|CS|TAMS 0x000000008ec00000, 0x000000008ec00000| Complete 
| 237|0x000000008ed00000, 0x000000008ee00000, 0x000000008ee00000|100%| E|CS|TAMS 0x000000008ed00000, 0x000000008ed00000| Complete 
| 238|0x000000008ee00000, 0x000000008ef00000, 0x000000008ef00000|100%| E|CS|TAMS 0x000000008ee00000, 0x000000008ee00000| Complete 
| 239|0x000000008ef00000, 0x000000008f000000, 0x000000008f000000|100%| E|CS|TAMS 0x000000008ef00000, 0x000000008ef00000| Complete 
| 240|0x000000008f000000, 0x000000008f100000, 0x000000008f100000|100%| E|CS|TAMS 0x000000008f000000, 0x000000008f000000| Complete 
| 241|0x000000008f100000, 0x000000008f200000, 0x000000008f200000|100%| E|CS|TAMS 0x000000008f100000, 0x000000008f100000| Complete 
| 242|0x000000008f200000, 0x000000008f300000, 0x000000008f300000|100%| E|CS|TAMS 0x000000008f200000, 0x000000008f200000| Complete 
| 243|0x000000008f300000, 0x000000008f400000, 0x000000008f400000|100%| E|CS|TAMS 0x000000008f300000, 0x000000008f300000| Complete 
| 244|0x000000008f400000, 0x000000008f500000, 0x000000008f500000|100%| E|CS|TAMS 0x000000008f400000, 0x000000008f400000| Complete 
| 245|0x000000008f500000, 0x000000008f600000, 0x000000008f600000|100%| E|CS|TAMS 0x000000008f500000, 0x000000008f500000| Complete 
| 246|0x000000008f600000, 0x000000008f700000, 0x000000008f700000|100%| E|CS|TAMS 0x000000008f600000, 0x000000008f600000| Complete 
| 247|0x000000008f700000, 0x000000008f800000, 0x000000008f800000|100%| E|CS|TAMS 0x000000008f700000, 0x000000008f700000| Complete 
| 248|0x000000008f800000, 0x000000008f900000, 0x000000008f900000|100%| E|CS|TAMS 0x000000008f800000, 0x000000008f800000| Complete 
| 249|0x000000008f900000, 0x000000008fa00000, 0x000000008fa00000|100%| E|CS|TAMS 0x000000008f900000, 0x000000008f900000| Complete 
| 250|0x000000008fa00000, 0x000000008fb00000, 0x000000008fb00000|100%| E|CS|TAMS 0x000000008fa00000, 0x000000008fa00000| Complete 
| 251|0x000000008fb00000, 0x000000008fc00000, 0x000000008fc00000|100%| E|CS|TAMS 0x000000008fb00000, 0x000000008fb00000| Complete 
| 252|0x000000008fc00000, 0x000000008fd00000, 0x000000008fd00000|100%| E|CS|TAMS 0x000000008fc00000, 0x000000008fc00000| Complete 
| 253|0x000000008fd00000, 0x000000008fe00000, 0x000000008fe00000|100%| E|CS|TAMS 0x000000008fd00000, 0x000000008fd00000| Complete 
| 254|0x000000008fe00000, 0x000000008ff00000, 0x000000008ff00000|100%| E|CS|TAMS 0x000000008fe00000, 0x000000008fe00000| Complete 
| 255|0x000000008ff00000, 0x0000000090000000, 0x0000000090000000|100%| E|CS|TAMS 0x000000008ff00000, 0x000000008ff00000| Complete 

Card table byte_map: [0x000001e268670000,0x000001e268a70000] _byte_map_base: 0x000001e268270000

Marking Bits (Prev, Next): (CMBitMap*) 0x000001e254d3ec40, (CMBitMap*) 0x000001e254d3ec08
 Prev Bits: [0x000001e26ae70000, 0x000001e26ce70000)
 Next Bits: [0x000001e268e70000, 0x000001e26ae70000)

Polling page: 0x000001e253520000

Metaspace:

Usage:
  Non-class:    111.14 MB capacity,   108.35 MB ( 97%) used,     2.28 MB (  2%) free+waste,   521.06 KB ( <1%) overhead. 
      Class:     16.94 MB capacity,    15.37 MB ( 91%) used,     1.34 MB (  8%) free+waste,   227.94 KB (  1%) overhead. 
       Both:    128.08 MB capacity,   123.72 MB ( 97%) used,     3.63 MB (  3%) free+waste,   749.00 KB ( <1%) overhead. 

Virtual space:
  Non-class space:      112.00 MB reserved,     111.25 MB (>99%) committed 
      Class space:        1.00 GB reserved,      16.95 MB (  2%) committed 
             Both:        1.11 GB reserved,     128.20 MB ( 11%) committed 

Chunk freelists:
   Non-Class:  48.00 KB
       Class:  0 bytes
        Both:  48.00 KB

MaxMetaspaceSize: 17179869184.00 GB
CompressedClassSpaceSize: 1.00 GB

CodeHeap 'non-profiled nmethods': size=120000Kb used=20066Kb max_used=20066Kb free=99933Kb
 bounds [0x000001e2602d0000, 0x000001e261670000, 0x000001e267800000]
CodeHeap 'profiled nmethods': size=120000Kb used=56079Kb max_used=56079Kb free=63920Kb
 bounds [0x000001e258da0000, 0x000001e25c490000, 0x000001e2602d0000]
CodeHeap 'non-nmethods': size=5760Kb used=2360Kb max_used=2458Kb free=3399Kb
 bounds [0x000001e258800000, 0x000001e258a70000, 0x000001e258da0000]
 total_blobs=25645 nmethods=24662 adapters=890
 compilation: enabled
              stopped_count=0, restarted_count=0
 full_count=0

Compilation events (20 events):
Event: 11853.059 Thread 0x000001e270227000 nmethod 27256 0x000001e261668110 code [0x000001e2616682c0, 0x000001e2616684f8]
Event: 11853.258 Thread 0x000001e270235800 27258       1       com.android.apksig.internal.apk.ApkSigningBlockUtils$ChunkDigests::access$400 (5 bytes)
Event: 11853.258 Thread 0x000001e270235800 nmethod 27258 0x000001e261668710 code [0x000001e2616688c0, 0x000001e261668958]
Event: 11853.280 Thread 0x000001e270235800 27259       3       java.nio.ByteBuffer::allocateDirect (9 bytes)
Event: 11853.280 Thread 0x000001e270235800 nmethod 27259 0x000001e25c479f90 code [0x000001e25c47a140, 0x000001e25c47a2c8]
Event: 11853.280 Thread 0x000001e270235800 27260   !   3       java.nio.DirectByteBuffer::<init> (145 bytes)
Event: 11853.282 Thread 0x000001e270235800 nmethod 27260 0x000001e25c47a390 code [0x000001e25c47a6e0, 0x000001e25c47bb38]
Event: 11853.311 Thread 0x000001e270235800 27261       1       com.android.apksig.internal.util.Pair::getSecond (5 bytes)
Event: 11853.311 Thread 0x000001e270235800 nmethod 27261 0x000001e261668a10 code [0x000001e261668bc0, 0x000001e261668c78]
Event: 11853.314 Thread 0x000001e270227000 27262       4       java.math.BigInteger::montgomeryMultiply (54 bytes)
Event: 11853.316 Thread 0x000001e270227000 nmethod 27262 0x000001e261668d10 code [0x000001e261668ec0, 0x000001e261669238]
Event: 11853.319 Thread 0x000001e270235800 27263       1       com.android.build.api.variant.impl.BuiltArtifactsImpl::getElements (5 bytes)
Event: 11853.319 Thread 0x000001e270235800 nmethod 27263 0x000001e261669510 code [0x000001e2616696c0, 0x000001e261669778]
Event: 11853.400 Thread 0x000001e270227000 27264       4       org.gradle.cache.internal.CrossProcessSynchronizingCache::put (23 bytes)
Event: 11853.403 Thread 0x000001e270235800 27265       3       java.util.LinkedList::toArray (81 bytes)
Event: 11853.403 Thread 0x000001e270235800 nmethod 27265 0x000001e25c47c390 code [0x000001e25c47c5c0, 0x000001e25c47cdd8]
Event: 11853.408 Thread 0x000001e270235800 27266       3       java.lang.invoke.LambdaForm$MH/0x0000000100a88040::linkToTargetMethod (15 bytes)
Event: 11853.408 Thread 0x000001e270235800 nmethod 27266 0x000001e25c47d090 code [0x000001e25c47d260, 0x000001e25c47d538]
Event: 11853.408 Thread 0x000001e270235800 27267       3       java.lang.invoke.LambdaForm$DMH/0x0000000100a7b040::invokeStatic (22 bytes)
Event: 11853.408 Thread 0x000001e270235800 nmethod 27267 0x000001e25c47d610 code [0x000001e25c47d7e0, 0x000001e25c47db58]

GC Heap History (20 events):
Event: 6567.761 GC heap before
{Heap before GC invocations=32 (full 0):
 garbage-first heap   total 262144K, used 224431K [0x0000000080000000, 0x0000000100000000)
  region size 1024K, 109 young (111616K), 7 survivors (7168K)
 Metaspace       used 124207K, capacity 127776K, committed 128332K, reserved 1161216K
  class space    used 15444K, capacity 16792K, committed 17228K, reserved 1048576K
}
Event: 6567.765 GC heap after
{Heap after GC invocations=33 (full 0):
 garbage-first heap   total 262144K, used 108323K [0x0000000080000000, 0x0000000100000000)
  region size 1024K, 6 young (6144K), 6 survivors (6144K)
 Metaspace       used 124207K, capacity 127776K, committed 128332K, reserved 1161216K
  class space    used 15444K, capacity 16792K, committed 17228K, reserved 1048576K
}
Event: 6621.151 GC heap before
{Heap before GC invocations=33 (full 0):
 garbage-first heap   total 262144K, used 227107K [0x0000000080000000, 0x0000000100000000)
  region size 1024K, 110 young (112640K), 6 survivors (6144K)
 Metaspace       used 125893K, capacity 130395K, committed 130508K, reserved 1163264K
  class space    used 15731K, capacity 17324K, committed 17356K, reserved 1048576K
}
Event: 6621.158 GC heap after
{Heap after GC invocations=34 (full 0):
 garbage-first heap   total 262144K, used 109614K [0x0000000080000000, 0x0000000100000000)
  region size 1024K, 7 young (7168K), 7 survivors (7168K)
 Metaspace       used 125893K, capacity 130395K, committed 130508K, reserved 1163264K
  class space    used 15731K, capacity 17324K, committed 17356K, reserved 1048576K
}
Event: 11048.286 GC heap before
{Heap before GC invocations=34 (full 0):
 garbage-first heap   total 262144K, used 214062K [0x0000000080000000, 0x0000000100000000)
  region size 1024K, 110 young (112640K), 7 survivors (7168K)
 Metaspace       used 125993K, capacity 130469K, committed 130508K, reserved 1163264K
  class space    used 15743K, capacity 17346K, committed 17356K, reserved 1048576K
}
Event: 11048.289 GC heap after
{Heap after GC invocations=35 (full 0):
 garbage-first heap   total 262144K, used 104498K [0x0000000080000000, 0x0000000100000000)
  region size 1024K, 4 young (4096K), 4 survivors (4096K)
 Metaspace       used 125993K, capacity 130469K, committed 130508K, reserved 1163264K
  class space    used 15743K, capacity 17346K, committed 17356K, reserved 1048576K
}
Event: 11399.525 GC heap before
{Heap before GC invocations=35 (full 0):
 garbage-first heap   total 262144K, used 230450K [0x0000000080000000, 0x0000000100000000)
  region size 1024K, 115 young (117760K), 4 survivors (4096K)
 Metaspace       used 126115K, capacity 130539K, committed 130764K, reserved 1163264K
  class space    used 15743K, capacity 17346K, committed 17356K, reserved 1048576K
}
Event: 11399.530 GC heap after
{Heap after GC invocations=36 (full 0):
 garbage-first heap   total 262144K, used 108789K [0x0000000080000000, 0x0000000100000000)
  region size 1024K, 7 young (7168K), 7 survivors (7168K)
 Metaspace       used 126115K, capacity 130539K, committed 130764K, reserved 1163264K
  class space    used 15743K, capacity 17346K, committed 17356K, reserved 1048576K
}
Event: 11501.828 GC heap before
{Heap before GC invocations=36 (full 0):
 garbage-first heap   total 262144K, used 231669K [0x0000000080000000, 0x0000000100000000)
  region size 1024K, 113 young (115712K), 7 survivors (7168K)
 Metaspace       used 126256K, capacity 130610K, committed 130764K, reserved 1163264K
  class space    used 15743K, capacity 17346K, committed 17356K, reserved 1048576K
}
Event: 11501.834 GC heap after
{Heap after GC invocations=37 (full 0):
 garbage-first heap   total 262144K, used 115340K [0x0000000080000000, 0x0000000100000000)
  region size 1024K, 11 young (11264K), 11 survivors (11264K)
 Metaspace       used 126256K, capacity 130610K, committed 130764K, reserved 1163264K
  class space    used 15743K, capacity 17346K, committed 17356K, reserved 1048576K
}
Event: 11646.010 GC heap before
{Heap before GC invocations=37 (full 0):
 garbage-first heap   total 262144K, used 221836K [0x0000000080000000, 0x0000000100000000)
  region size 1024K, 106 young (108544K), 11 survivors (11264K)
 Metaspace       used 126350K, capacity 130807K, committed 131020K, reserved 1163264K
  class space    used 15743K, capacity 17346K, committed 17356K, reserved 1048576K
}
Event: 11646.019 GC heap after
{Heap after GC invocations=38 (full 0):
 garbage-first heap   total 262144K, used 109894K [0x0000000080000000, 0x0000000100000000)
  region size 1024K, 6 young (6144K), 6 survivors (6144K)
 Metaspace       used 126350K, capacity 130807K, committed 131020K, reserved 1163264K
  class space    used 15743K, capacity 17346K, committed 17356K, reserved 1048576K
}
Event: 11648.500 GC heap before
{Heap before GC invocations=39 (full 0):
 garbage-first heap   total 262144K, used 232774K [0x0000000080000000, 0x0000000100000000)
  region size 1024K, 110 young (112640K), 6 survivors (6144K)
 Metaspace       used 126435K, capacity 130871K, committed 131020K, reserved 1163264K
  class space    used 15743K, capacity 17346K, committed 17356K, reserved 1048576K
}
Event: 11648.509 GC heap after
{Heap after GC invocations=40 (full 0):
 garbage-first heap   total 262144K, used 119024K [0x0000000080000000, 0x0000000100000000)
  region size 1024K, 14 young (14336K), 14 survivors (14336K)
 Metaspace       used 126435K, capacity 130871K, committed 131020K, reserved 1163264K
  class space    used 15743K, capacity 17346K, committed 17356K, reserved 1048576K
}
Event: 11648.511 GC heap before
{Heap before GC invocations=40 (full 0):
 garbage-first heap   total 262144K, used 120048K [0x0000000080000000, 0x0000000100000000)
  region size 1024K, 15 young (15360K), 14 survivors (14336K)
 Metaspace       used 126435K, capacity 130871K, committed 131020K, reserved 1163264K
  class space    used 15743K, capacity 17346K, committed 17356K, reserved 1048576K
}
Event: 11648.530 GC heap after
{Heap after GC invocations=41 (full 0):
 garbage-first heap   total 262144K, used 98804K [0x0000000080000000, 0x0000000100000000)
  region size 1024K, 2 young (2048K), 2 survivors (2048K)
 Metaspace       used 126435K, capacity 130871K, committed 131020K, reserved 1163264K
  class space    used 15743K, capacity 17346K, committed 17356K, reserved 1048576K
}
Event: 11649.390 GC heap before
{Heap before GC invocations=41 (full 0):
 garbage-first heap   total 262144K, used 215540K [0x0000000080000000, 0x0000000100000000)
  region size 1024K, 112 young (114688K), 2 survivors (2048K)
 Metaspace       used 126598K, capacity 130960K, committed 131020K, reserved 1163264K
  class space    used 15743K, capacity 17346K, committed 17356K, reserved 1048576K
}
Event: 11649.394 GC heap after
{Heap after GC invocations=42 (full 0):
 garbage-first heap   total 262144K, used 99785K [0x0000000080000000, 0x0000000100000000)
  region size 1024K, 3 young (3072K), 3 survivors (3072K)
 Metaspace       used 126598K, capacity 130960K, committed 131020K, reserved 1163264K
  class space    used 15743K, capacity 17346K, committed 17356K, reserved 1048576K
}
Event: 11852.128 GC heap before
{Heap before GC invocations=42 (full 0):
 garbage-first heap   total 262144K, used 203209K [0x0000000080000000, 0x0000000100000000)
  region size 1024K, 86 young (88064K), 3 survivors (3072K)
 Metaspace       used 126656K, capacity 131088K, committed 131276K, reserved 1163264K
  class space    used 15743K, capacity 17346K, committed 17356K, reserved 1048576K
}
Event: 11852.188 GC heap after
{Heap after GC invocations=43 (full 0):
 garbage-first heap   total 262144K, used 124110K [0x0000000080000000, 0x0000000100000000)
  region size 1024K, 15 young (15360K), 15 survivors (15360K)
 Metaspace       used 126656K, capacity 131088K, committed 131276K, reserved 1163264K
  class space    used 15743K, capacity 17346K, committed 17356K, reserved 1048576K
}

Deoptimization events (20 events):
Event: 11852.009 Thread 0x000001e275f15800 DEOPT PACKING pc=0x000001e25a03766b sp=0x000000de339fa5d0
Event: 11852.009 Thread 0x000001e275f15800 DEOPT UNPACKING pc=0x000001e2588276ce sp=0x000000de339f9a78 mode 0
Event: 11852.013 Thread 0x000001e275f15800 DEOPT PACKING pc=0x000001e25b2bdeb2 sp=0x000000de339fa630
Event: 11852.013 Thread 0x000001e275f15800 DEOPT UNPACKING pc=0x000001e2588276ce sp=0x000000de339f9d20 mode 0
Event: 11852.051 Thread 0x000001e275f15800 Uncommon trap: trap_request=0xffffff4d fr.pc=0x000001e2615399ec relative=0x000000000000102c
Event: 11852.051 Thread 0x000001e275f15800 Uncommon trap: reason=unstable_if action=reinterpret pc=0x000001e2615399ec method=com.android.ide.common.resources.configuration.FolderConfiguration.getQualifierString()Ljava/lang/String; @ 95 c2
Event: 11852.051 Thread 0x000001e275f15800 DEOPT PACKING pc=0x000001e2615399ec sp=0x000000de339fa7e0
Event: 11852.051 Thread 0x000001e275f15800 DEOPT UNPACKING pc=0x000001e2588278af sp=0x000000de339fa7d8 mode 2
Event: 11852.277 Thread 0x000001e2703a4000 Uncommon trap: trap_request=0xffffffde fr.pc=0x000001e26040afec relative=0x000000000000052c
Event: 11852.277 Thread 0x000001e2703a4000 Uncommon trap: reason=class_check action=maybe_recompile pc=0x000001e26040afec method=jdk.internal.ref.PhantomCleanable.clean()V @ 12 c2
Event: 11852.277 Thread 0x000001e2703a4000 DEOPT PACKING pc=0x000001e26040afec sp=0x000000de30cfee00
Event: 11852.277 Thread 0x000001e2703a4000 DEOPT UNPACKING pc=0x000001e2588278af sp=0x000000de30cfede0 mode 2
Event: 11852.395 Thread 0x000001e275da3800 DEOPT PACKING pc=0x000001e25a644997 sp=0x000000de345fe390
Event: 11852.396 Thread 0x000001e275da3800 DEOPT UNPACKING pc=0x000001e2588276ce sp=0x000000de345fd850 mode 0
Event: 11852.835 Thread 0x000001e275da9000 DEOPT PACKING pc=0x000001e25b83e50d sp=0x000000de344fbfc0
Event: 11852.835 Thread 0x000001e275da9000 DEOPT UNPACKING pc=0x000001e2588276ce sp=0x000000de344fb460 mode 0
Event: 11852.925 Thread 0x000001e275da4800 DEOPT PACKING pc=0x000001e25b5b621f sp=0x000000de346fc430
Event: 11852.925 Thread 0x000001e275da4800 DEOPT UNPACKING pc=0x000001e2588276ce sp=0x000000de346fb8c0 mode 0
Event: 11853.312 Thread 0x000001e275daf000 DEOPT PACKING pc=0x000001e25a36d06d sp=0x000000de34cfd1f0
Event: 11853.312 Thread 0x000001e275daf000 DEOPT UNPACKING pc=0x000001e2588276ce sp=0x000000de34cfc668 mode 0

Classes redefined (0 events):
No events

Internal exceptions (20 events):
Event: 11852.729 Thread 0x000001e275f15800 Exception <a 'sun/nio/fs/WindowsException'{0x000000008e935218}> (0x000000008e935218) thrown at [./src/hotspot/share/prims/jni.cpp, line 615]
Event: 11852.730 Thread 0x000001e275f15800 Exception <a 'sun/nio/fs/WindowsException'{0x000000008e96e110}> (0x000000008e96e110) thrown at [./src/hotspot/share/prims/jni.cpp, line 615]
Event: 11852.730 Thread 0x000001e275f15800 Exception <a 'sun/nio/fs/WindowsException'{0x000000008e96e258}> (0x000000008e96e258) thrown at [./src/hotspot/share/prims/jni.cpp, line 615]
Event: 11852.732 Thread 0x000001e275f15800 Exception <a 'sun/nio/fs/WindowsException'{0x000000008e8126d0}> (0x000000008e8126d0) thrown at [./src/hotspot/share/prims/jni.cpp, line 615]
Event: 11852.732 Thread 0x000001e275f15800 Exception <a 'sun/nio/fs/WindowsException'{0x000000008e812820}> (0x000000008e812820) thrown at [./src/hotspot/share/prims/jni.cpp, line 615]
Event: 11852.732 Thread 0x000001e275f15800 Exception <a 'sun/nio/fs/WindowsException'{0x000000008e848628}> (0x000000008e848628) thrown at [./src/hotspot/share/prims/jni.cpp, line 615]
Event: 11852.738 Thread 0x000001e275f15800 Exception <a 'sun/nio/fs/WindowsException'{0x000000008e867970}> (0x000000008e867970) thrown at [./src/hotspot/share/prims/jni.cpp, line 615]
Event: 11852.738 Thread 0x000001e275f15800 Exception <a 'sun/nio/fs/WindowsException'{0x000000008e867ac0}> (0x000000008e867ac0) thrown at [./src/hotspot/share/prims/jni.cpp, line 615]
Event: 11852.742 Thread 0x000001e275f15800 Exception <a 'sun/nio/fs/WindowsException'{0x000000008e728d48}> (0x000000008e728d48) thrown at [./src/hotspot/share/prims/jni.cpp, line 615]
Event: 11852.742 Thread 0x000001e275f15800 Exception <a 'sun/nio/fs/WindowsException'{0x000000008e728e90}> (0x000000008e728e90) thrown at [./src/hotspot/share/prims/jni.cpp, line 615]
Event: 11852.743 Thread 0x000001e275f15800 Exception <a 'sun/nio/fs/WindowsException'{0x000000008e7544a0}> (0x000000008e7544a0) thrown at [./src/hotspot/share/prims/jni.cpp, line 615]
Event: 11852.743 Thread 0x000001e275f15800 Exception <a 'sun/nio/fs/WindowsException'{0x000000008e7545f8}> (0x000000008e7545f8) thrown at [./src/hotspot/share/prims/jni.cpp, line 615]
Event: 11852.744 Thread 0x000001e275f15800 Exception <a 'sun/nio/fs/WindowsException'{0x000000008e79db68}> (0x000000008e79db68) thrown at [./src/hotspot/share/prims/jni.cpp, line 615]
Event: 11852.744 Thread 0x000001e275f15800 Exception <a 'sun/nio/fs/WindowsException'{0x000000008e79dca8}> (0x000000008e79dca8) thrown at [./src/hotspot/share/prims/jni.cpp, line 615]
Event: 11852.750 Thread 0x000001e275f15800 Exception <a 'sun/nio/fs/WindowsException'{0x000000008e631ed8}> (0x000000008e631ed8) thrown at [./src/hotspot/share/prims/jni.cpp, line 615]
Event: 11852.750 Thread 0x000001e275f15800 Exception <a 'sun/nio/fs/WindowsException'{0x000000008e6330c0}> (0x000000008e6330c0) thrown at [./src/hotspot/share/prims/jni.cpp, line 615]
Event: 11852.916 Thread 0x000001e275da4800 Exception <a 'sun/nio/fs/WindowsException'{0x000000008dec5720}> (0x000000008dec5720) thrown at [./src/hotspot/share/prims/jni.cpp, line 615]
Event: 11852.927 Thread 0x000001e275da4800 Exception <a 'sun/nio/fs/WindowsException'{0x000000008ddff2a0}> (0x000000008ddff2a0) thrown at [./src/hotspot/share/prims/jni.cpp, line 615]
Event: 11853.008 Thread 0x000001e275dae000 Exception <a 'sun/nio/fs/WindowsException'{0x000000008db78fe0}> (0x000000008db78fe0) thrown at [./src/hotspot/share/prims/jni.cpp, line 615]
Event: 11853.013 Thread 0x000001e275dae000 Exception <a 'sun/nio/fs/WindowsException'{0x000000008dbccca0}> (0x000000008dbccca0) thrown at [./src/hotspot/share/prims/jni.cpp, line 615]

Events (20 events):
Event: 11853.401 Thread 0x000001e275da5000 Thread exited: 0x000001e275da5000
Event: 11853.401 Thread 0x000001e275da8800 Thread exited: 0x000001e275da8800
Event: 11853.401 Thread 0x000001e275f15800 Thread exited: 0x000001e275f15800
Event: 11853.401 Executing VM operation: RevokeBias
Event: 11853.401 Executing VM operation: RevokeBias done
Event: 11853.401 Executing VM operation: RevokeBias
Event: 11853.401 Thread 0x000001e275f13000 Thread exited: 0x000001e275f13000
Event: 11853.401 Executing VM operation: RevokeBias done
Event: 11853.401 Executing VM operation: BulkRevokeBias
Event: 11853.402 Executing VM operation: BulkRevokeBias done
Event: 11853.402 Thread 0x000001e275f17000 Thread exited: 0x000001e275f17000
Event: 11853.407 Executing VM operation: RevokeBias
Event: 11853.407 Executing VM operation: RevokeBias done
Event: 11853.407 Executing VM operation: RevokeBias
Event: 11853.407 Executing VM operation: RevokeBias done
Event: 11853.418 Thread 0x000001e275f0b800 Thread exited: 0x000001e275f0b800
Event: 11853.419 Executing VM operation: BulkRevokeBias
Event: 11853.420 Executing VM operation: BulkRevokeBias done
Event: 11853.420 Thread 0x000001e275f0c800 Thread exited: 0x000001e275f0c800
Event: 11853.420 Executing VM operation: RevokeBias


Dynamic libraries:
0x00007ff786ac0000 - 0x00007ff786aca000 	C:\Android\android-studio-2020.3.1.25-windows\android-studio\jre\bin\java.exe
0x00007ffa88fb0000 - 0x00007ffa891a5000 	C:\WINDOWS\SYSTEM32\ntdll.dll
0x00007ffa88580000 - 0x00007ffa8863d000 	C:\WINDOWS\System32\KERNEL32.DLL
0x00007ffa86b70000 - 0x00007ffa86e38000 	C:\WINDOWS\System32\KERNELBASE.dll
0x00007ffa869e0000 - 0x00007ffa86ae0000 	C:\WINDOWS\System32\ucrtbase.dll
0x00007ffa67050000 - 0x00007ffa67069000 	C:\Android\android-studio-2020.3.1.25-windows\android-studio\jre\bin\jli.dll
0x00007ffa88230000 - 0x00007ffa883d0000 	C:\WINDOWS\System32\USER32.dll
0x00007ffa60d60000 - 0x00007ffa60d77000 	C:\Android\android-studio-2020.3.1.25-windows\android-studio\jre\bin\VCRUNTIME140.dll
0x00007ffa86b40000 - 0x00007ffa86b62000 	C:\WINDOWS\System32\win32u.dll
0x00007ffa6f9c0000 - 0x00007ffa6fc5a000 	C:\WINDOWS\WinSxS\amd64_microsoft.windows.common-controls_6595b64144ccf1df_6.0.19041.1052_none_60b8f8fd71f5e8cb\COMCTL32.dll
0x00007ffa883d0000 - 0x00007ffa883fa000 	C:\WINDOWS\System32\GDI32.dll
0x00007ffa886c0000 - 0x00007ffa8875e000 	C:\WINDOWS\System32\msvcrt.dll
0x00007ffa86850000 - 0x00007ffa8695b000 	C:\WINDOWS\System32\gdi32full.dll
0x00007ffa86f80000 - 0x00007ffa8701d000 	C:\WINDOWS\System32\msvcp_win.dll
0x00007ffa87020000 - 0x00007ffa87050000 	C:\WINDOWS\System32\IMM32.DLL
0x00007ffa34050000 - 0x00007ffa340ed000 	C:\Android\android-studio-2020.3.1.25-windows\android-studio\jre\bin\msvcp140.dll
0x00007ffa35050000 - 0x00007ffa35b1f000 	C:\Android\android-studio-2020.3.1.25-windows\android-studio\jre\bin\server\jvm.dll
0x00007ffa875d0000 - 0x00007ffa8767c000 	C:\WINDOWS\System32\ADVAPI32.dll
0x00007ffa87680000 - 0x00007ffa8771b000 	C:\WINDOWS\System32\sechost.dll
0x00007ffa87a10000 - 0x00007ffa87b3b000 	C:\WINDOWS\System32\RPCRT4.dll
0x00007ffa873b0000 - 0x00007ffa873b8000 	C:\WINDOWS\System32\PSAPI.DLL
0x00007ffa734a0000 - 0x00007ffa734a9000 	C:\WINDOWS\SYSTEM32\WSOCK32.dll
0x00007ffa72f00000 - 0x00007ffa72f27000 	C:\WINDOWS\SYSTEM32\WINMM.dll
0x00007ffa7a0f0000 - 0x00007ffa7a0fa000 	C:\WINDOWS\SYSTEM32\VERSION.dll
0x00007ffa88760000 - 0x00007ffa887cb000 	C:\WINDOWS\System32\WS2_32.dll
0x00007ffa84fe0000 - 0x00007ffa84ff2000 	C:\WINDOWS\SYSTEM32\kernel.appcore.dll
0x00007ffa61550000 - 0x00007ffa61561000 	C:\Android\android-studio-2020.3.1.25-windows\android-studio\jre\bin\verify.dll
0x00007ffa79f00000 - 0x00007ffa7a0e4000 	C:\WINDOWS\SYSTEM32\DBGHELP.DLL
0x00007ffa79ec0000 - 0x00007ffa79eec000 	C:\WINDOWS\SYSTEM32\dbgcore.DLL
0x00007ffa86e40000 - 0x00007ffa86ec3000 	C:\WINDOWS\System32\bcryptPrimitives.dll
0x00007ffa53230000 - 0x00007ffa53259000 	C:\Android\android-studio-2020.3.1.25-windows\android-studio\jre\bin\java.dll
0x00007ffa6ea00000 - 0x00007ffa6ea0b000 	C:\Android\android-studio-2020.3.1.25-windows\android-studio\jre\bin\jimage.dll
0x00007ffa610f0000 - 0x00007ffa61108000 	C:\Android\android-studio-2020.3.1.25-windows\android-studio\jre\bin\zip.dll
0x00007ffa887d0000 - 0x00007ffa88f0f000 	C:\WINDOWS\System32\SHELL32.dll
0x00007ffa84840000 - 0x00007ffa84fd0000 	C:\WINDOWS\SYSTEM32\windows.storage.dll
0x00007ffa87050000 - 0x00007ffa873a5000 	C:\WINDOWS\System32\combase.dll
0x00007ffa860f0000 - 0x00007ffa8611c000 	C:\WINDOWS\SYSTEM32\Wldp.dll
0x00007ffa87fc0000 - 0x00007ffa8806e000 	C:\WINDOWS\System32\SHCORE.dll
0x00007ffa88f10000 - 0x00007ffa88f65000 	C:\WINDOWS\System32\shlwapi.dll
0x00007ffa86630000 - 0x00007ffa8664f000 	C:\WINDOWS\SYSTEM32\profapi.dll
0x00007ffa5fe10000 - 0x00007ffa5fe2a000 	C:\Android\android-studio-2020.3.1.25-windows\android-studio\jre\bin\net.dll
0x00007ffa7fb50000 - 0x00007ffa7fc5b000 	C:\WINDOWS\SYSTEM32\WINHTTP.dll
0x00007ffa85e00000 - 0x00007ffa85e6a000 	C:\WINDOWS\system32\mswsock.dll
0x00007ffa5a970000 - 0x00007ffa5a984000 	C:\Android\android-studio-2020.3.1.25-windows\android-studio\jre\bin\nio.dll
0x00007ffa5be20000 - 0x00007ffa5be47000 	C:\Users\seibrl\.gradle\native\8bec1ad78214c89d9ad589b4d07fe93259594b29d510b10fafb7a158f7737e5d\windows-amd64\native-platform.dll
0x00007ffa304f0000 - 0x00007ffa3062d000 	C:\Users\seibrl\.gradle\native\53dbd7edfb1c66fb8903c78663c9afc45aea4f116125fa6feffd364cf09443e8\windows-amd64\native-platform-file-events.dll
0x00007ffa6c810000 - 0x00007ffa6c81a000 	C:\Android\android-studio-2020.3.1.25-windows\android-studio\jre\bin\management.dll
0x00007ffa66d30000 - 0x00007ffa66d3c000 	C:\Android\android-studio-2020.3.1.25-windows\android-studio\jre\bin\management_ext.dll
0x00007ffa85fe0000 - 0x00007ffa85ff8000 	C:\WINDOWS\SYSTEM32\CRYPTSP.dll
0x00007ffa857a0000 - 0x00007ffa857d4000 	C:\WINDOWS\system32\rsaenh.dll
0x00007ffa869b0000 - 0x00007ffa869d7000 	C:\WINDOWS\System32\bcrypt.dll
0x00007ffa865f0000 - 0x00007ffa8661e000 	C:\WINDOWS\SYSTEM32\USERENV.dll
0x00007ffa85fd0000 - 0x00007ffa85fdc000 	C:\WINDOWS\SYSTEM32\CRYPTBASE.dll
0x00007ffa85af0000 - 0x00007ffa85b2b000 	C:\WINDOWS\SYSTEM32\IPHLPAPI.DLL
0x00007ffa87b40000 - 0x00007ffa87b48000 	C:\WINDOWS\System32\NSI.dll
0x00007ffa818a0000 - 0x00007ffa818b7000 	C:\WINDOWS\SYSTEM32\dhcpcsvc6.DLL
0x00007ffa81880000 - 0x00007ffa8189d000 	C:\WINDOWS\SYSTEM32\dhcpcsvc.DLL
0x00007ffa85b30000 - 0x00007ffa85bfc000 	C:\WINDOWS\SYSTEM32\DNSAPI.dll
0x00007ffa52d60000 - 0x00007ffa52d87000 	C:\Android\android-studio-2020.3.1.25-windows\android-studio\jre\bin\sunec.dll

dbghelp: loaded successfully - version: 4.0.5 - missing functions: none
symbol engine: initialized successfully - sym options: 0x614 - pdb path: .;C:\Android\android-studio-2020.3.1.25-windows\android-studio\jre\bin;C:\WINDOWS\SYSTEM32;C:\WINDOWS\WinSxS\amd64_microsoft.windows.common-controls_6595b64144ccf1df_6.0.19041.1052_none_60b8f8fd71f5e8cb;C:\Android\android-studio-2020.3.1.25-windows\android-studio\jre\bin\server;C:\Users\seibrl\.gradle\native\8bec1ad78214c89d9ad589b4d07fe93259594b29d510b10fafb7a158f7737e5d\windows-amd64;C:\Users\seibrl\.gradle\native\53dbd7edfb1c66fb8903c78663c9afc45aea4f116125fa6feffd364cf09443e8\windows-amd64

VM Arguments:
jvm_args: --add-opens=java.base/java.util=ALL-UNNAMED --add-opens=java.base/java.lang=ALL-UNNAMED --add-opens=java.base/java.lang.invoke=ALL-UNNAMED --add-opens=java.base/java.util=ALL-UNNAMED --add-opens=java.prefs/java.util.prefs=ALL-UNNAMED --add-opens=java.prefs/java.util.prefs=ALL-UNNAMED --add-opens=java.base/java.nio.charset=ALL-UNNAMED --add-opens=java.base/java.net=ALL-UNNAMED --add-opens=java.base/java.util.concurrent.atomic=ALL-UNNAMED -Xmx2048m -Dfile.encoding=UTF-8 -Duser.country=CH -Duser.language=de -Duser.variant 
java_command: org.gradle.launcher.daemon.bootstrap.GradleDaemon 7.0.2
java_class_path (initial): C:\Users\seibrl\.gradle\wrapper\dists\gradle-7.0.2-bin\857tjihv64xamwrf0h14cai3r\gradle-7.0.2\lib\gradle-launcher-7.0.2.jar
Launcher Type: SUN_STANDARD

[Global flags]
     intx CICompilerCount                          = 4                                         {product} {ergonomic}
     uint ConcGCThreads                            = 2                                         {product} {ergonomic}
     uint G1ConcRefinementThreads                  = 8                                         {product} {ergonomic}
   size_t G1HeapRegionSize                         = 1048576                                   {product} {ergonomic}
    uintx GCDrainStackTargetSize                   = 64                                        {product} {ergonomic}
   size_t InitialHeapSize                          = 268435456                                 {product} {ergonomic}
   size_t MarkStackSize                            = 4194304                                   {product} {ergonomic}
   size_t MaxHeapSize                              = 2147483648                                {product} {command line}
   size_t MaxNewSize                               = 1287651328                                {product} {ergonomic}
   size_t MinHeapDeltaBytes                        = 1048576                                   {product} {ergonomic}
    uintx NonNMethodCodeHeapSize                   = 5836300                                {pd product} {ergonomic}
    uintx NonProfiledCodeHeapSize                  = 122910970                              {pd product} {ergonomic}
    uintx ProfiledCodeHeapSize                     = 122910970                              {pd product} {ergonomic}
    uintx ReservedCodeCacheSize                    = 251658240                              {pd product} {ergonomic}
     bool SegmentedCodeCache                       = true                                      {product} {ergonomic}
     bool UseCompressedClassPointers               = true                                 {lp64_product} {ergonomic}
     bool UseCompressedOops                        = true                                 {lp64_product} {ergonomic}
     bool UseG1GC                                  = true                                      {product} {ergonomic}
     bool UseLargePagesIndividualAllocation        = false                                  {pd product} {ergonomic}

Logging:
Log output configuration:
 #0: stdout all=warning uptime,level,tags
 #1: stderr all=off uptime,level,tags

Environment Variables:
PATH=C:\Program Files (x86)\VMware\VMware Workstation\bin\;C:\WINDOWS\system32;C:\WINDOWS;C:\WINDOWS\System32\Wbem;C:\WINDOWS\System32\WindowsPowerShell\v1.0\;C:\WINDOWS\System32\OpenSSH\;C:\Program Files\PuTTY\;C:\Program Files\ojdkbuild\java-11-openjdk-11.0.11-1\bin;C:\Users\seibrl\AppData\Local\Microsoft\WindowsApps;C:\Users\seibrl\AppData\Local\Programs\Git\cmd
USERNAME=seibrl
OS=Windows_NT
PROCESSOR_IDENTIFIER=Intel64 Family 6 Model 158 Stepping 9, GenuineIntel



---------------  S Y S T E M  ---------------

OS: Windows 10 , 64 bit Build 19041 (10.0.19041.1023)
OS uptime: 0 days 4:44 hours

CPU:total 8 (initial active 8) (4 cores per cpu, 2 threads per core) family 6 model 158 stepping 9 microcode 0xea, cmov, cx8, fxsr, mmx, sse, sse2, sse3, ssse3, sse4.1, sse4.2, popcnt, avx, avx2, aes, clmul, erms, rtm, 3dnowpref, lzcnt, ht, tsc, tscinvbit, bmi1, bmi2, adx, fma

Memory: 4k page, system-wide physical 16259M (1964M free)
TotalPageFile size 22866M (AvailPageFile size 3341M)
current process WorkingSet (physical memory assigned to process): 587M, peak: 604M
current process commit charge ("private bytes"): 673M, peak: 703M

vm_info: OpenJDK 64-Bit Server VM (11.0.10+0-b96-7249189) for windows-amd64 JRE (11.0.10+0-b96-7249189), built on Mar 31 2021 21:44:00 by "builder" with MS VC++ 14.0 (VS2015)

END.
